2026-04-11 15:48:25,054 INFO Device: cuda
2026-04-11 15:48:25,054 INFO N_ENVS=8, N_SEEDS=1, TOTAL_STEPS=60,000
2026-04-11 15:48:25,058 INFO Starting DQN seed=0 on cuda
2026-04-11 15:48:29,489 INFO [DQN s0] step=   3000 | eval_return= 1046.74 | final_capital=  100.00 | loss=45.0771 | eps=0.703 | elapsed=3s
2026-04-11 15:48:32,711 INFO [DQN s0] step=   6000 | eval_return= 1046.74 | final_capital=  100.00 | loss=38.0183 | eps=0.499 | elapsed=6s
2026-04-11 15:48:35,773 INFO [DQN s0] step=   9000 | eval_return= 2528.45 | final_capital=  100.00 | loss=35.7131 | eps=0.358 | elapsed=9s
2026-04-11 15:48:38,738 INFO [DQN s0] step=  12000 | eval_return= 2440.64 | final_capital=  100.00 | loss=57.5611 | eps=0.262 | elapsed=12s
2026-04-11 15:48:41,718 INFO [DQN s0] step=  15000 | eval_return= 1683.05 | final_capital=  100.00 | loss=88.4270 | eps=0.196 | elapsed=15s
2026-04-11 15:48:44,584 INFO [DQN s0] step=  18000 | eval_return= 1997.41 | final_capital=  100.00 | loss=118.7157 | eps=0.150 | elapsed=18s
2026-04-11 15:48:47,683 INFO [DQN s0] step=  21000 | eval_return= 1967.20 | final_capital=  100.00 | loss=160.7345 | eps=0.119 | elapsed=21s
2026-04-11 15:48:50,608 INFO [DQN s0] step=  24000 | eval_return= 2677.10 | final_capital=  100.00 | loss=205.0207 | eps=0.097 | elapsed=24s
2026-04-11 15:48:53,815 INFO [DQN s0] step=  27000 | eval_return= 3010.50 | final_capital=  100.00 | loss=262.7560 | eps=0.083 | elapsed=27s
2026-04-11 15:48:56,778 INFO [DQN s0] step=  30000 | eval_return= 1486.94 | final_capital=  100.00 | loss=324.6439 | eps=0.072 | elapsed=30s
2026-04-11 15:48:59,738 INFO [DQN s0] step=  33000 | eval_return= 1677.06 | final_capital=  100.00 | loss=405.8090 | eps=0.065 | elapsed=33s
2026-04-11 15:49:02,923 INFO [DQN s0] step=  36000 | eval_return= 1979.47 | final_capital=  100.00 | loss=473.1647 | eps=0.061 | elapsed=36s
2026-04-11 15:49:05,803 INFO [DQN s0] step=  39000 | eval_return= 1997.87 | final_capital=  100.00 | loss=565.6461 | eps=0.057 | elapsed=39s
2026-04-11 15:49:08,688 INFO [DQN s0] step=  42000 | eval_return= 1456.83 | final_capital=  100.00 | loss=662.6267 | eps=0.055 | elapsed=42s
2026-04-11 15:49:10,893 INFO [DQN s0] step=  45000 | eval_return= 1833.16 | final_capital=  100.00 | loss=740.0945 | eps=0.053 | elapsed=44s
2026-04-11 15:49:13,091 INFO [DQN s0] step=  48000 | eval_return= 5490.99 | final_capital=  100.00 | loss=860.1033 | eps=0.052 | elapsed=46s
2026-04-11 15:49:15,321 INFO [DQN s0] step=  51000 | eval_return= 2466.57 | final_capital=  100.00 | loss=990.3073 | eps=0.052 | elapsed=49s
2026-04-11 15:49:17,577 INFO [DQN s0] step=  54000 | eval_return= 2267.76 | final_capital=  100.00 | loss=1121.1020 | eps=0.051 | elapsed=51s
2026-04-11 15:49:20,229 INFO [DQN s0] step=  57000 | eval_return= 1846.24 | final_capital=  100.00 | loss=1234.1939 | eps=0.051 | elapsed=54s
2026-04-11 15:49:22,704 INFO [DQN s0] step=  60000 | eval_return= 2556.49 | final_capital=  100.00 | loss=1407.5680 | eps=0.051 | elapsed=56s
2026-04-11 15:49:22,705 INFO Starting IQN seed=0 on cuda
2026-04-11 15:49:25,965 INFO [IQN s0] step=   3000 | eval_return= 2357.54 | final_capital=  100.00 | loss=147.5485 | eps=0.703 | elapsed=3s
2026-04-11 15:49:29,922 INFO [IQN s0] step=   6000 | eval_return= 2464.37 | final_capital=  100.00 | loss=312.8332 | eps=0.499 | elapsed=7s
2026-04-11 15:49:34,213 INFO [IQN s0] step=   9000 | eval_return= 2528.45 | final_capital=  100.00 | loss=523.5493 | eps=0.358 | elapsed=11s
2026-04-11 15:49:38,007 INFO [IQN s0] step=  12000 | eval_return= 2440.64 | final_capital=  100.00 | loss=781.3493 | eps=0.262 | elapsed=15s
2026-04-11 15:49:41,932 INFO [IQN s0] step=  15000 | eval_return= 1683.05 | final_capital=  100.00 | loss=1059.1083 | eps=0.196 | elapsed=19s
2026-04-11 15:49:45,525 INFO [IQN s0] step=  18000 | eval_return= 1997.41 | final_capital=  100.00 | loss=1275.3875 | eps=0.150 | elapsed=23s
2026-04-11 15:49:49,431 INFO [IQN s0] step=  21000 | eval_return= 2090.28 | final_capital=  100.00 | loss=1527.6966 | eps=0.119 | elapsed=27s
2026-04-11 15:49:53,091 INFO [IQN s0] step=  24000 | eval_return= 2578.61 | final_capital=  100.00 | loss=1777.6997 | eps=0.097 | elapsed=30s
2026-04-11 15:49:56,793 INFO [IQN s0] step=  27000 | eval_return= 3003.21 | final_capital=  100.00 | loss=1998.0940 | eps=0.083 | elapsed=34s
2026-04-11 15:50:00,525 INFO [IQN s0] step=  30000 | eval_return= 1492.64 | final_capital=  100.00 | loss=2047.9529 | eps=0.072 | elapsed=38s
2026-04-11 15:50:04,120 INFO [IQN s0] step=  33000 | eval_return= 1677.06 | final_capital=  100.00 | loss=2199.8072 | eps=0.065 | elapsed=41s
2026-04-11 15:50:07,695 INFO [IQN s0] step=  36000 | eval_return= 1979.47 | final_capital=  100.00 | loss=2382.3945 | eps=0.061 | elapsed=45s
2026-04-11 15:50:11,631 INFO [IQN s0] step=  39000 | eval_return= 1997.87 | final_capital=  100.00 | loss=2486.9364 | eps=0.057 | elapsed=49s
2026-04-11 15:50:15,288 INFO [IQN s0] step=  42000 | eval_return= 1456.83 | final_capital=  100.00 | loss=2620.1092 | eps=0.055 | elapsed=53s
2026-04-11 15:50:19,123 INFO [IQN s0] step=  45000 | eval_return= 1846.74 | final_capital=  100.00 | loss=2625.8174 | eps=0.053 | elapsed=56s
2026-04-11 15:50:22,783 INFO [IQN s0] step=  48000 | eval_return= 2132.89 | final_capital=  100.00 | loss=2662.8734 | eps=0.052 | elapsed=60s
2026-04-11 15:50:26,363 INFO [IQN s0] step=  51000 | eval_return= 2164.48 | final_capital=  100.00 | loss=2664.1314 | eps=0.052 | elapsed=64s
2026-04-11 15:50:30,205 INFO [IQN s0] step=  54000 | eval_return= 2253.69 | final_capital=  100.00 | loss=2623.2762 | eps=0.051 | elapsed=67s
2026-04-11 15:50:33,953 INFO [IQN s0] step=  57000 | eval_return= 1806.87 | final_capital=  100.00 | loss=2525.8960 | eps=0.051 | elapsed=71s
2026-04-11 15:50:37,823 INFO [IQN s0] step=  60000 | eval_return= 2528.31 | final_capital=  100.00 | loss=2400.1059 | eps=0.051 | elapsed=75s
2026-04-11 15:50:38,287 INFO Saved: ./bimodal_rl\dqn_top2_progress.png
2026-04-11 15:50:38,652 INFO Saved: ./bimodal_rl\iqn_top2_progress.png
2026-04-11 15:50:39,282 INFO Saved: ./bimodal_rl\comparison.png
2026-04-11 15:50:39,282 INFO 
============================================================
2026-04-11 15:50:39,282 INFO DQN final returns:  mean=2556.49  std=0.00
2026-04-11 15:50:39,282 INFO IQN final returns:  mean=2528.31  std=0.00
2026-04-11 15:50:39,282 INFO ============================================================
2026-04-11 15:50:39,286 INFO Done. Results saved to ./bimodal_rl
2026-04-11 15:55:55,407 INFO Device: cuda
2026-04-11 15:55:55,407 INFO N_ENVS=8, N_SEEDS=2, TOTAL_STEPS=10,000
2026-04-11 15:55:55,407 INFO Starting DQN seed=0 on cuda
2026-04-11 15:55:59,387 INFO [DQN s0] step=   3000 | eval_return= 1046.74 | final_capital=  100.00 | loss=45.0771 | eps=0.703 | elapsed=2s
2026-04-11 15:56:01,512 INFO [DQN s0] step=   6000 | eval_return= 1046.74 | final_capital=  100.00 | loss=38.0183 | eps=0.499 | elapsed=5s
2026-04-11 15:56:03,666 INFO [DQN s0] step=   9000 | eval_return= 2528.45 | final_capital=  100.00 | loss=35.7131 | eps=0.358 | elapsed=7s
2026-04-11 15:56:04,193 INFO Starting DQN seed=1 on cuda
2026-04-11 15:56:05,970 INFO [DQN s1] step=   3000 | eval_return= 1046.74 | final_capital=  100.00 | loss=37.8634 | eps=0.703 | elapsed=2s
2026-04-11 15:56:08,419 INFO [DQN s1] step=   6000 | eval_return= 1046.74 | final_capital=  100.00 | loss=33.2785 | eps=0.499 | elapsed=4s
2026-04-11 15:56:10,662 INFO [DQN s1] step=   9000 | eval_return= 1046.74 | final_capital=  100.00 | loss=32.0786 | eps=0.358 | elapsed=6s
2026-04-11 15:56:11,216 INFO Starting IQN seed=0 on cuda
2026-04-11 15:56:14,170 INFO [IQN s0] step=   3000 | eval_return= 2357.54 | final_capital=  100.00 | loss=147.5485 | eps=0.703 | elapsed=3s
2026-04-11 15:56:18,075 INFO [IQN s0] step=   6000 | eval_return= 2464.37 | final_capital=  100.00 | loss=312.8332 | eps=0.499 | elapsed=7s
2026-04-11 15:56:21,702 INFO [IQN s0] step=   9000 | eval_return= 2528.45 | final_capital=  100.00 | loss=523.5493 | eps=0.358 | elapsed=10s
2026-04-11 15:56:22,604 INFO Starting IQN seed=1 on cuda
2026-04-11 15:56:25,823 INFO [IQN s1] step=   3000 | eval_return= 2191.55 | final_capital=  100.00 | loss=127.5383 | eps=0.703 | elapsed=3s
2026-04-11 15:56:30,068 INFO [IQN s1] step=   6000 | eval_return= 2203.49 | final_capital=  100.00 | loss=267.9466 | eps=0.499 | elapsed=7s
2026-04-11 15:56:34,166 INFO [IQN s1] step=   9000 | eval_return= 2118.81 | final_capital=  100.00 | loss=469.5073 | eps=0.358 | elapsed=12s
2026-04-11 15:56:35,645 INFO Saved: ./bimodal_rl\dqn_top2_progress.png
2026-04-11 15:56:36,113 INFO Saved: ./bimodal_rl\iqn_top2_progress.png
2026-04-11 15:56:36,778 INFO Saved: ./bimodal_rl\comparison.png
2026-04-11 15:56:36,779 INFO 
============================================================
2026-04-11 15:56:36,779 INFO DQN final returns:  mean=1787.59  std=740.86
2026-04-11 15:56:36,779 INFO IQN final returns:  mean=2323.63  std=204.82
2026-04-11 15:56:36,780 INFO ============================================================
2026-04-11 15:56:36,780 INFO Done. Results saved to ./bimodal_rl
