2026-04-11 15:59:03,635 INFO Device: cuda | args: {'n_seeds': 2, 'total_steps': 100000, 'n_envs': 8, 'episode_length': 50, 'eval_interval': 5000, 'eval_episodes': 30, 'warmup_steps': 2000, 'lr': 0.0003, 'batch_size': 256, 'gamma': 0.99, 'hidden': 128, 'capital_ylim': 1000.0, 'out_dir': './results'}
2026-04-11 15:59:03,635 INFO Starting DQN seed=0
2026-04-11 15:59:07,572 INFO [DQN s0] step=   5000 | log_ret=2.5253 | capital=$ 1286.23 | loss=0.00571 | eps=0.558 | elapsed=3s
2026-04-11 15:59:10,746 INFO [DQN s0] step=  10000 | log_ret=2.3810 | capital=$ 1308.50 | loss=0.00613 | eps=0.322 | elapsed=6s
2026-04-11 15:59:14,001 INFO [DQN s0] step=  15000 | log_ret=2.9414 | capital=$ 2474.75 | loss=0.00656 | eps=0.196 | elapsed=9s
2026-04-11 15:59:17,261 INFO [DQN s0] step=  20000 | log_ret=2.4922 | capital=$ 1217.20 | loss=0.00690 | eps=0.128 | elapsed=12s
2026-04-11 15:59:20,551 INFO [DQN s0] step=  25000 | log_ret=2.6053 | capital=$ 2411.15 | loss=0.00594 | eps=0.092 | elapsed=15s
2026-04-11 15:59:23,829 INFO [DQN s0] step=  30000 | log_ret=2.5067 | capital=$ 1590.53 | loss=0.00540 | eps=0.072 | elapsed=19s
2026-04-11 15:59:27,096 INFO [DQN s0] step=  35000 | log_ret=2.4702 | capital=$ 1452.23 | loss=0.00541 | eps=0.062 | elapsed=22s
2026-04-11 15:59:30,386 INFO [DQN s0] step=  40000 | log_ret=2.4697 | capital=$ 1265.87 | loss=0.00521 | eps=0.056 | elapsed=25s
2026-04-11 15:59:33,796 INFO [DQN s0] step=  45000 | log_ret=2.3083 | capital=$ 1552.50 | loss=0.00520 | eps=0.053 | elapsed=29s
2026-04-11 15:59:37,076 INFO [DQN s0] step=  50000 | log_ret=2.5015 | capital=$ 1313.87 | loss=0.00504 | eps=0.052 | elapsed=32s
2026-04-11 15:59:40,305 INFO [DQN s0] step=  55000 | log_ret=2.3259 | capital=$ 1101.40 | loss=0.00503 | eps=0.051 | elapsed=35s
2026-04-11 15:59:43,587 INFO [DQN s0] step=  60000 | log_ret=2.8569 | capital=$ 3035.34 | loss=0.00501 | eps=0.051 | elapsed=39s
2026-04-11 15:59:46,854 INFO [DQN s0] step=  65000 | log_ret=2.4395 | capital=$ 1146.74 | loss=0.00476 | eps=0.050 | elapsed=42s
2026-04-11 15:59:50,267 INFO [DQN s0] step=  70000 | log_ret=2.5576 | capital=$ 1425.61 | loss=0.00518 | eps=0.050 | elapsed=45s
2026-04-11 15:59:53,612 INFO [DQN s0] step=  75000 | log_ret=2.4830 | capital=$ 1397.08 | loss=0.00542 | eps=0.050 | elapsed=49s
2026-04-11 15:59:56,871 INFO [DQN s0] step=  80000 | log_ret=2.3941 | capital=$ 1250.50 | loss=0.00554 | eps=0.050 | elapsed=52s
2026-04-11 16:00:00,214 INFO [DQN s0] step=  85000 | log_ret=2.6645 | capital=$ 2522.19 | loss=0.00603 | eps=0.050 | elapsed=55s
2026-04-11 16:00:03,596 INFO [DQN s0] step=  90000 | log_ret=2.4395 | capital=$ 1146.74 | loss=0.00586 | eps=0.050 | elapsed=59s
2026-04-11 16:00:06,925 INFO [DQN s0] step=  95000 | log_ret=2.4311 | capital=$ 1179.53 | loss=0.00606 | eps=0.050 | elapsed=62s
2026-04-11 16:00:10,461 INFO [DQN s0] step= 100000 | log_ret=2.5125 | capital=$ 1304.37 | loss=0.00621 | eps=0.050 | elapsed=65s
2026-04-11 16:00:10,461 INFO Starting DQN seed=1
2026-04-11 16:00:12,872 INFO [DQN s1] step=   5000 | log_ret=2.3511 | capital=$ 1111.65 | loss=0.00585 | eps=0.558 | elapsed=2s
2026-04-11 16:00:16,141 INFO [DQN s1] step=  10000 | log_ret=2.4738 | capital=$ 1459.91 | loss=0.00557 | eps=0.322 | elapsed=6s
2026-04-11 16:00:19,421 INFO [DQN s1] step=  15000 | log_ret=2.4976 | capital=$ 1626.72 | loss=0.00555 | eps=0.196 | elapsed=9s
2026-04-11 16:00:22,685 INFO [DQN s1] step=  20000 | log_ret=2.4395 | capital=$ 1146.74 | loss=0.00566 | eps=0.128 | elapsed=12s
2026-04-11 16:00:26,026 INFO [DQN s1] step=  25000 | log_ret=2.7299 | capital=$ 1970.63 | loss=0.00510 | eps=0.092 | elapsed=16s
2026-04-11 16:00:29,326 INFO [DQN s1] step=  30000 | log_ret=2.7522 | capital=$ 2691.41 | loss=0.00490 | eps=0.072 | elapsed=19s
2026-04-11 16:00:32,831 INFO [DQN s1] step=  35000 | log_ret=2.4395 | capital=$ 1146.74 | loss=0.00493 | eps=0.062 | elapsed=22s
2026-04-11 16:00:36,102 INFO [DQN s1] step=  40000 | log_ret=2.5187 | capital=$ 1283.45 | loss=0.00499 | eps=0.056 | elapsed=26s
2026-04-11 16:00:39,407 INFO [DQN s1] step=  45000 | log_ret=2.8437 | capital=$ 2697.09 | loss=0.00534 | eps=0.053 | elapsed=29s
2026-04-11 16:00:42,885 INFO [DQN s1] step=  50000 | log_ret=2.7026 | capital=$ 1987.63 | loss=0.00520 | eps=0.052 | elapsed=32s
2026-04-11 16:00:46,136 INFO [DQN s1] step=  55000 | log_ret=2.4395 | capital=$ 1146.74 | loss=0.00535 | eps=0.051 | elapsed=36s
2026-04-11 16:00:49,365 INFO [DQN s1] step=  60000 | log_ret=2.6796 | capital=$ 1673.53 | loss=0.00539 | eps=0.051 | elapsed=39s
2026-04-11 16:00:52,730 INFO [DQN s1] step=  65000 | log_ret=2.3964 | capital=$ 1511.98 | loss=0.00519 | eps=0.050 | elapsed=42s
2026-04-11 16:00:56,177 INFO [DQN s1] step=  70000 | log_ret=2.0317 | capital=$ 1103.70 | loss=0.00536 | eps=0.050 | elapsed=46s
2026-04-11 16:00:59,421 INFO [DQN s1] step=  75000 | log_ret=2.3913 | capital=$ 1131.07 | loss=0.00543 | eps=0.050 | elapsed=49s
2026-04-11 16:01:02,763 INFO [DQN s1] step=  80000 | log_ret=2.7140 | capital=$ 2004.01 | loss=0.00515 | eps=0.050 | elapsed=52s
2026-04-11 16:01:06,011 INFO [DQN s1] step=  85000 | log_ret=2.4446 | capital=$ 1343.13 | loss=0.00531 | eps=0.050 | elapsed=56s
2026-04-11 16:01:09,279 INFO [DQN s1] step=  90000 | log_ret=2.4395 | capital=$ 1146.74 | loss=0.00532 | eps=0.050 | elapsed=59s
2026-04-11 16:01:12,507 INFO [DQN s1] step=  95000 | log_ret=2.4568 | capital=$ 1566.09 | loss=0.00550 | eps=0.050 | elapsed=62s
2026-04-11 16:01:15,854 INFO [DQN s1] step= 100000 | log_ret=2.6946 | capital=$ 3158.61 | loss=0.00542 | eps=0.050 | elapsed=65s
2026-04-11 16:01:15,854 INFO Starting IQN seed=0
2026-04-11 16:01:20,361 INFO [IQN s0] step=   5000 | log_ret=2.6841 | capital=$ 1904.10 | loss=0.00233 | eps=0.558 | elapsed=4s
2026-04-11 16:01:25,963 INFO [IQN s0] step=  10000 | log_ret=2.7241 | capital=$ 2223.04 | loss=0.00384 | eps=0.322 | elapsed=10s
2026-04-11 16:01:31,496 INFO [IQN s0] step=  15000 | log_ret=2.5776 | capital=$ 1490.50 | loss=0.00414 | eps=0.196 | elapsed=16s
2026-04-11 16:01:38,034 INFO [IQN s0] step=  20000 | log_ret=2.8890 | capital=$ 2262.20 | loss=0.00399 | eps=0.128 | elapsed=22s
2026-04-11 16:01:44,643 INFO [IQN s0] step=  25000 | log_ret=2.5280 | capital=$ 1483.52 | loss=0.00376 | eps=0.092 | elapsed=29s
2026-04-11 16:01:52,301 INFO [IQN s0] step=  30000 | log_ret=2.3605 | capital=$ 1152.55 | loss=0.00360 | eps=0.072 | elapsed=36s
2026-04-11 16:02:00,277 INFO [IQN s0] step=  35000 | log_ret=2.4876 | capital=$ 1294.17 | loss=0.00323 | eps=0.062 | elapsed=44s
2026-04-11 16:02:06,577 INFO [IQN s0] step=  40000 | log_ret=2.3519 | capital=$ 1426.01 | loss=0.00364 | eps=0.056 | elapsed=51s
2026-04-11 16:02:12,415 INFO [IQN s0] step=  45000 | log_ret=2.4576 | capital=$ 1172.26 | loss=0.00345 | eps=0.053 | elapsed=57s
2026-04-11 16:02:19,133 INFO [IQN s0] step=  50000 | log_ret=2.5187 | capital=$ 1346.38 | loss=0.00350 | eps=0.052 | elapsed=63s
2026-04-11 16:02:27,026 INFO [IQN s0] step=  55000 | log_ret=2.5604 | capital=$ 1426.38 | loss=0.00329 | eps=0.051 | elapsed=71s
2026-04-11 16:02:37,460 INFO [IQN s0] step=  60000 | log_ret=2.4860 | capital=$ 2311.13 | loss=0.00307 | eps=0.051 | elapsed=82s
2026-04-11 16:02:44,588 INFO [IQN s0] step=  65000 | log_ret=2.6023 | capital=$ 1706.33 | loss=0.00326 | eps=0.050 | elapsed=89s
2026-04-11 16:02:50,958 INFO [IQN s0] step=  70000 | log_ret=2.5028 | capital=$ 1251.64 | loss=0.00319 | eps=0.050 | elapsed=95s
2026-04-11 16:02:57,462 INFO [IQN s0] step=  75000 | log_ret=2.5566 | capital=$ 1445.13 | loss=0.00355 | eps=0.050 | elapsed=102s
2026-04-11 16:03:03,731 INFO [IQN s0] step=  80000 | log_ret=2.7967 | capital=$ 2429.36 | loss=0.00329 | eps=0.050 | elapsed=108s
2026-04-11 16:03:10,852 INFO [IQN s0] step=  85000 | log_ret=2.6772 | capital=$ 1854.40 | loss=0.00335 | eps=0.050 | elapsed=115s
2026-04-11 16:03:17,346 INFO [IQN s0] step=  90000 | log_ret=2.3604 | capital=$ 1290.56 | loss=0.00364 | eps=0.050 | elapsed=121s
2026-04-11 16:03:23,913 INFO [IQN s0] step=  95000 | log_ret=2.4006 | capital=$ 1274.01 | loss=0.00342 | eps=0.050 | elapsed=128s
2026-04-11 16:03:30,412 INFO [IQN s0] step= 100000 | log_ret=2.6740 | capital=$ 1711.80 | loss=0.00340 | eps=0.050 | elapsed=135s
2026-04-11 16:03:30,414 INFO Starting IQN seed=1
2026-04-11 16:03:35,216 INFO [IQN s1] step=   5000 | log_ret=2.3250 | capital=$ 1206.39 | loss=0.00313 | eps=0.558 | elapsed=5s
2026-04-11 16:03:41,778 INFO [IQN s1] step=  10000 | log_ret=2.4043 | capital=$ 1394.46 | loss=0.00454 | eps=0.322 | elapsed=11s
2026-04-11 16:03:48,363 INFO [IQN s1] step=  15000 | log_ret=2.3577 | capital=$ 1666.81 | loss=0.00474 | eps=0.196 | elapsed=18s
2026-04-11 16:03:54,707 INFO [IQN s1] step=  20000 | log_ret=2.4758 | capital=$ 1518.81 | loss=0.00436 | eps=0.128 | elapsed=24s
2026-04-11 16:04:01,176 INFO [IQN s1] step=  25000 | log_ret=2.4637 | capital=$ 1350.11 | loss=0.00414 | eps=0.092 | elapsed=31s
2026-04-11 16:04:07,818 INFO [IQN s1] step=  30000 | log_ret=2.3604 | capital=$ 1829.46 | loss=0.00441 | eps=0.072 | elapsed=37s
2026-04-11 16:04:14,306 INFO [IQN s1] step=  35000 | log_ret=2.5078 | capital=$ 2334.83 | loss=0.00408 | eps=0.062 | elapsed=44s
2026-04-11 16:04:20,866 INFO [IQN s1] step=  40000 | log_ret=2.6919 | capital=$ 1968.67 | loss=0.00397 | eps=0.056 | elapsed=50s
2026-04-11 16:04:27,377 INFO [IQN s1] step=  45000 | log_ret=2.6672 | capital=$ 2350.89 | loss=0.00390 | eps=0.053 | elapsed=57s
2026-04-11 16:04:33,861 INFO [IQN s1] step=  50000 | log_ret=2.6898 | capital=$ 1915.84 | loss=0.00361 | eps=0.052 | elapsed=63s
2026-04-11 16:04:40,181 INFO [IQN s1] step=  55000 | log_ret=2.5704 | capital=$ 1788.71 | loss=0.00355 | eps=0.051 | elapsed=70s
2026-04-11 16:04:46,549 INFO [IQN s1] step=  60000 | log_ret=2.4870 | capital=$ 1644.00 | loss=0.00368 | eps=0.051 | elapsed=76s
2026-04-11 16:04:53,038 INFO [IQN s1] step=  65000 | log_ret=2.4096 | capital=$ 1440.21 | loss=0.00356 | eps=0.050 | elapsed=83s
2026-04-11 16:04:59,321 INFO [IQN s1] step=  70000 | log_ret=2.4989 | capital=$ 1788.48 | loss=0.00382 | eps=0.050 | elapsed=89s
2026-04-11 16:05:05,921 INFO [IQN s1] step=  75000 | log_ret=2.6524 | capital=$ 1743.21 | loss=0.00364 | eps=0.050 | elapsed=95s
2026-04-11 16:05:12,321 INFO [IQN s1] step=  80000 | log_ret=2.6487 | capital=$ 1741.58 | loss=0.00361 | eps=0.050 | elapsed=102s
2026-04-11 16:05:18,956 INFO [IQN s1] step=  85000 | log_ret=2.4688 | capital=$ 1590.85 | loss=0.00358 | eps=0.050 | elapsed=109s
2026-04-11 16:05:25,241 INFO [IQN s1] step=  90000 | log_ret=2.5113 | capital=$ 1845.44 | loss=0.00376 | eps=0.050 | elapsed=115s
2026-04-11 16:05:32,066 INFO [IQN s1] step=  95000 | log_ret=2.6674 | capital=$ 2008.27 | loss=0.00389 | eps=0.050 | elapsed=122s
2026-04-11 16:05:38,642 INFO [IQN s1] step= 100000 | log_ret=2.5549 | capital=$ 1622.81 | loss=0.00389 | eps=0.050 | elapsed=128s
2026-04-11 16:05:40,386 INFO All figures saved to ./results
2026-04-11 16:11:59,764 INFO Device: cuda | epsilon_decay=16690 (reaches 0.05 at step ~50,000) | args: {'n_seeds': 2, 'total_steps': 100000, 'n_envs': 8, 'episode_length': 50, 'eval_interval': 5000, 'eval_episodes': 30, 'warmup_steps': 2000, 'lr': 0.0003, 'batch_size': 256, 'gamma': 0.99, 'hidden': 128, 'epsilon_frac': 0.5, 'capital_ylim': 1000.0, 'out_dir': './results'}
2026-04-11 16:11:59,765 INFO Starting DQN seed=0
2026-04-11 16:12:04,352 INFO [DQN s0] step=   5000 | log_ret=2.7282 | capital=$ 2030.12 | loss=0.00542 | eps=0.754 | elapsed=3s
2026-04-11 16:12:09,680 INFO [DQN s0] step=  10000 | log_ret=2.8067 | capital=$ 2391.87 | loss=0.00568 | eps=0.572 | elapsed=8s
2026-04-11 16:12:14,333 INFO [DQN s0] step=  15000 | log_ret=2.4717 | capital=$ 1779.22 | loss=0.00568 | eps=0.437 | elapsed=13s
2026-04-11 16:12:18,911 INFO [DQN s0] step=  20000 | log_ret=2.5967 | capital=$ 1663.69 | loss=0.00601 | eps=0.337 | elapsed=17s
2026-04-11 16:12:23,503 INFO [DQN s0] step=  25000 | log_ret=2.5924 | capital=$ 1428.79 | loss=0.00598 | eps=0.262 | elapsed=22s
2026-04-11 16:12:28,074 INFO [DQN s0] step=  30000 | log_ret=2.4617 | capital=$ 1721.18 | loss=0.00577 | eps=0.207 | elapsed=27s
2026-04-11 16:12:32,656 INFO [DQN s0] step=  35000 | log_ret=2.3745 | capital=$ 1526.08 | loss=0.00555 | eps=0.167 | elapsed=31s
2026-04-11 16:12:37,343 INFO [DQN s0] step=  40000 | log_ret=2.3941 | capital=$ 1619.08 | loss=0.00570 | eps=0.136 | elapsed=36s
2026-04-11 16:12:42,301 INFO [DQN s0] step=  45000 | log_ret=2.5487 | capital=$ 1635.80 | loss=0.00543 | eps=0.114 | elapsed=41s
2026-04-11 16:12:47,077 INFO [DQN s0] step=  50000 | log_ret=2.7143 | capital=$ 2523.80 | loss=0.00535 | eps=0.097 | elapsed=46s
2026-04-11 16:12:51,681 INFO [DQN s0] step=  55000 | log_ret=2.7272 | capital=$ 2367.14 | loss=0.00556 | eps=0.085 | elapsed=50s
2026-04-11 16:12:57,030 INFO [DQN s0] step=  60000 | log_ret=2.3518 | capital=$ 1410.10 | loss=0.00577 | eps=0.076 | elapsed=56s
2026-04-11 16:13:01,781 INFO [DQN s0] step=  65000 | log_ret=2.5166 | capital=$ 1825.81 | loss=0.00575 | eps=0.069 | elapsed=60s
2026-04-11 16:13:06,991 INFO [DQN s0] step=  70000 | log_ret=2.5287 | capital=$ 1706.63 | loss=0.00585 | eps=0.064 | elapsed=66s
2026-04-11 16:13:11,565 INFO [DQN s0] step=  75000 | log_ret=2.5138 | capital=$ 1372.47 | loss=0.00601 | eps=0.061 | elapsed=70s
2026-04-11 16:13:16,331 INFO [DQN s0] step=  80000 | log_ret=2.3946 | capital=$ 1477.83 | loss=0.00587 | eps=0.058 | elapsed=75s
2026-04-11 16:13:21,239 INFO [DQN s0] step=  85000 | log_ret=2.5084 | capital=$ 1373.57 | loss=0.00604 | eps=0.056 | elapsed=80s
2026-04-11 16:13:27,039 INFO [DQN s0] step=  90000 | log_ret=2.6109 | capital=$ 1879.32 | loss=0.00602 | eps=0.054 | elapsed=86s
2026-04-11 16:13:28,301 INFO Device: cuda | epsilon_decay=16690 (reaches 0.05 at step ~50,000) | args: {'n_seeds': 2, 'total_steps': 100000, 'n_envs': 8, 'episode_length': 50, 'eval_interval': 5000, 'eval_episodes': 30, 'warmup_steps': 2000, 'lr': 0.0003, 'batch_size': 256, 'gamma': 0.99, 'hidden': 128, 'epsilon_frac': 0.5, 'capital_ylim': 1000.0, 'out_dir': './results'}
2026-04-11 16:13:31,882 INFO [DQN s0] step=  95000 | log_ret=2.3779 | capital=$ 1159.90 | loss=0.00590 | eps=0.053 | elapsed=90s
2026-04-11 16:13:36,084 INFO [DQN s0] step= 100000 | log_ret=2.4395 | capital=$ 1146.74 | loss=0.00571 | eps=0.052 | elapsed=95s
2026-04-11 16:13:36,085 INFO Starting DQN seed=1
2026-04-11 16:13:39,533 INFO [DQN s1] step=   5000 | log_ret=2.8434 | capital=$ 2371.07 | loss=0.00790 | eps=0.754 | elapsed=3s
2026-04-11 16:13:44,451 INFO [DQN s1] step=  10000 | log_ret=2.4988 | capital=$ 1700.03 | loss=0.00686 | eps=0.572 | elapsed=8s
2026-04-11 16:13:49,079 INFO [DQN s1] step=  15000 | log_ret=2.8859 | capital=$ 2367.79 | loss=0.00596 | eps=0.437 | elapsed=13s
2026-04-11 16:13:54,281 INFO [DQN s1] step=  20000 | log_ret=2.4697 | capital=$ 1400.91 | loss=0.00540 | eps=0.337 | elapsed=18s
2026-04-11 16:13:59,167 INFO [DQN s1] step=  25000 | log_ret=2.4059 | capital=$ 1275.38 | loss=0.00486 | eps=0.262 | elapsed=23s
2026-04-11 16:14:04,334 INFO [DQN s1] step=  30000 | log_ret=2.9850 | capital=$ 2552.00 | loss=0.00519 | eps=0.207 | elapsed=28s
2026-04-11 16:14:09,539 INFO [DQN s1] step=  35000 | log_ret=2.6130 | capital=$ 1622.52 | loss=0.00523 | eps=0.167 | elapsed=33s
2026-04-11 16:14:09,869 INFO Device: cuda | epsilon_decay=16690 (reaches 0.05 at step ~50,000) | args: {'n_seeds': 2, 'total_steps': 100000, 'n_envs': 8, 'episode_length': 50, 'eval_interval': 5000, 'eval_episodes': 30, 'warmup_steps': 2000, 'lr': 0.0003, 'batch_size': 256, 'gamma': 0.99, 'hidden': 128, 'epsilon_frac': 0.5, 'capital_ylim': 1000.0, 'out_dir': './results'}
2026-04-11 16:14:09,869 INFO Starting IQN seed=0
2026-04-11 16:14:15,015 INFO [DQN s1] step=  40000 | log_ret=2.7197 | capital=$ 2182.81 | loss=0.00549 | eps=0.136 | elapsed=39s
2026-04-11 16:14:19,370 INFO [IQN s0] step=   5000 | log_ret=2.5694 | capital=$ 1455.52 | loss=0.00270 | eps=0.754 | elapsed=8s
2026-04-11 16:14:22,265 INFO [DQN s1] step=  45000 | log_ret=2.8816 | capital=$ 2854.18 | loss=0.00557 | eps=0.114 | elapsed=46s
2026-04-11 16:14:29,917 INFO [DQN s1] step=  50000 | log_ret=2.4308 | capital=$ 1965.89 | loss=0.00582 | eps=0.097 | elapsed=54s
2026-04-11 16:14:30,146 INFO [IQN s0] step=  10000 | log_ret=2.4215 | capital=$ 1586.95 | loss=0.00429 | eps=0.572 | elapsed=19s
2026-04-11 16:14:37,886 INFO [DQN s1] step=  55000 | log_ret=2.5362 | capital=$ 1388.42 | loss=0.00620 | eps=0.085 | elapsed=62s
2026-04-11 16:14:40,482 INFO [IQN s0] step=  15000 | log_ret=2.6115 | capital=$ 1563.01 | loss=0.00450 | eps=0.437 | elapsed=29s
2026-04-11 16:14:45,256 INFO [DQN s1] step=  60000 | log_ret=2.4395 | capital=$ 1146.74 | loss=0.00634 | eps=0.076 | elapsed=69s
2026-04-11 16:14:50,917 INFO [IQN s0] step=  20000 | log_ret=2.4824 | capital=$ 1830.55 | loss=0.00382 | eps=0.337 | elapsed=39s
2026-04-11 16:14:52,558 INFO [DQN s1] step=  65000 | log_ret=2.4513 | capital=$ 1947.27 | loss=0.00636 | eps=0.069 | elapsed=76s
2026-04-11 16:15:00,252 INFO [DQN s1] step=  70000 | log_ret=2.4395 | capital=$ 1146.74 | loss=0.00645 | eps=0.064 | elapsed=84s
2026-04-11 16:15:01,537 INFO [IQN s0] step=  25000 | log_ret=2.6830 | capital=$ 2093.44 | loss=0.00394 | eps=0.262 | elapsed=50s
2026-04-11 16:15:07,837 INFO [DQN s1] step=  75000 | log_ret=2.6844 | capital=$ 2633.24 | loss=0.00630 | eps=0.061 | elapsed=92s
2026-04-11 16:15:11,967 INFO [IQN s0] step=  30000 | log_ret=2.5111 | capital=$ 1338.57 | loss=0.00368 | eps=0.207 | elapsed=60s
2026-04-11 16:15:15,172 INFO [DQN s1] step=  80000 | log_ret=2.6758 | capital=$ 3079.02 | loss=0.00628 | eps=0.058 | elapsed=99s
2026-04-11 16:15:22,518 INFO [DQN s1] step=  85000 | log_ret=2.7360 | capital=$ 2565.11 | loss=0.00630 | eps=0.056 | elapsed=106s
2026-04-11 16:15:22,607 INFO [IQN s0] step=  35000 | log_ret=2.5601 | capital=$ 1875.52 | loss=0.00401 | eps=0.167 | elapsed=71s
2026-04-11 16:15:30,606 INFO [DQN s1] step=  90000 | log_ret=2.5797 | capital=$ 1853.82 | loss=0.00611 | eps=0.054 | elapsed=115s
2026-04-11 16:15:33,166 INFO [IQN s0] step=  40000 | log_ret=2.2327 | capital=$ 1649.50 | loss=0.00398 | eps=0.136 | elapsed=82s
2026-04-11 16:15:37,897 INFO [DQN s1] step=  95000 | log_ret=2.5118 | capital=$ 2024.22 | loss=0.00622 | eps=0.053 | elapsed=122s
2026-04-11 16:15:43,633 INFO [IQN s0] step=  45000 | log_ret=2.4519 | capital=$ 1520.05 | loss=0.00398 | eps=0.114 | elapsed=92s
2026-04-11 16:15:45,170 INFO [DQN s1] step= 100000 | log_ret=2.7302 | capital=$ 2082.92 | loss=0.00617 | eps=0.052 | elapsed=129s
2026-04-11 16:15:45,171 INFO Starting IQN seed=0
2026-04-11 16:15:53,773 INFO [IQN s0] step=   5000 | log_ret=2.5694 | capital=$ 1455.52 | loss=0.00270 | eps=0.754 | elapsed=9s
2026-04-11 16:15:54,862 INFO [IQN s0] step=  50000 | log_ret=2.4758 | capital=$ 1549.61 | loss=0.00406 | eps=0.097 | elapsed=103s
2026-04-11 16:16:05,390 INFO [IQN s0] step=  10000 | log_ret=2.4215 | capital=$ 1586.95 | loss=0.00429 | eps=0.572 | elapsed=20s
2026-04-11 16:16:06,489 INFO [IQN s0] step=  55000 | log_ret=2.6583 | capital=$ 1539.92 | loss=0.00414 | eps=0.085 | elapsed=115s
2026-04-11 16:16:16,921 INFO [IQN s0] step=  15000 | log_ret=2.6115 | capital=$ 1563.01 | loss=0.00450 | eps=0.437 | elapsed=32s
2026-04-11 16:16:17,716 INFO [IQN s0] step=  60000 | log_ret=2.8548 | capital=$ 3151.49 | loss=0.00404 | eps=0.076 | elapsed=126s
2026-04-11 16:16:25,633 INFO [IQN s0] step=  65000 | log_ret=2.3985 | capital=$ 1507.51 | loss=0.00417 | eps=0.069 | elapsed=134s
2026-04-11 16:16:27,446 INFO Device: cuda | epsilon_decay=33380 (reaches 0.05 at step ~100,000) | args: {'n_seeds': 2, 'total_steps': 200000, 'n_envs': 8, 'episode_length': 50, 'eval_interval': 5000, 'eval_episodes': 30, 'warmup_steps': 2000, 'lr': 0.0003, 'batch_size': 256, 'gamma': 0.99, 'hidden': 128, 'epsilon_frac': 0.5, 'capital_ylim': 1000.0, 'out_dir': './results'}
2026-04-11 16:16:27,447 INFO Starting IQN seed=0
2026-04-11 16:16:35,017 INFO [IQN s0] step=  70000 | log_ret=2.6212 | capital=$ 2024.75 | loss=0.00363 | eps=0.064 | elapsed=143s
2026-04-11 16:16:36,833 INFO [IQN s0] step=   5000 | log_ret=2.5817 | capital=$ 1725.14 | loss=0.00255 | eps=0.868 | elapsed=7s
2026-04-11 16:16:46,486 INFO [IQN s0] step=  75000 | log_ret=2.4762 | capital=$ 1283.66 | loss=0.00379 | eps=0.061 | elapsed=155s
2026-04-11 16:16:47,929 INFO [IQN s0] step=  10000 | log_ret=2.6315 | capital=$ 2042.32 | loss=0.00405 | eps=0.754 | elapsed=19s
2026-04-11 16:16:58,217 INFO [IQN s0] step=  80000 | log_ret=2.6303 | capital=$ 2497.77 | loss=0.00401 | eps=0.058 | elapsed=167s
2026-04-11 16:16:59,552 INFO [IQN s0] step=  15000 | log_ret=2.6209 | capital=$ 1539.12 | loss=0.00392 | eps=0.656 | elapsed=30s
2026-04-11 16:17:09,708 INFO [IQN s0] step=  85000 | log_ret=2.5237 | capital=$ 1350.54 | loss=0.00407 | eps=0.056 | elapsed=178s
2026-04-11 16:17:11,031 INFO [IQN s0] step=  20000 | log_ret=2.5625 | capital=$ 1622.88 | loss=0.00390 | eps=0.572 | elapsed=42s
2026-04-11 16:17:21,327 INFO [IQN s0] step=  90000 | log_ret=2.5547 | capital=$ 1694.60 | loss=0.00392 | eps=0.054 | elapsed=190s
2026-04-11 16:17:22,646 INFO [IQN s0] step=  25000 | log_ret=2.3696 | capital=$ 1132.72 | loss=0.00350 | eps=0.499 | elapsed=53s
2026-04-11 16:17:32,936 INFO [IQN s0] step=  95000 | log_ret=2.5753 | capital=$ 1500.59 | loss=0.00398 | eps=0.053 | elapsed=201s
2026-04-11 16:17:34,202 INFO [IQN s0] step=  30000 | log_ret=2.5749 | capital=$ 1594.36 | loss=0.00317 | eps=0.437 | elapsed=65s
2026-04-11 16:17:44,692 INFO [IQN s0] step= 100000 | log_ret=2.7540 | capital=$ 2929.00 | loss=0.00378 | eps=0.052 | elapsed=213s
2026-04-11 16:17:44,693 INFO Starting IQN seed=1
2026-04-11 16:17:45,742 INFO [IQN s0] step=  35000 | log_ret=2.4466 | capital=$ 1265.00 | loss=0.00341 | eps=0.383 | elapsed=76s
2026-04-11 16:17:53,323 INFO [IQN s1] step=   5000 | log_ret=2.8043 | capital=$ 1892.45 | loss=0.00300 | eps=0.754 | elapsed=9s
2026-04-11 16:17:57,185 INFO [IQN s0] step=  40000 | log_ret=2.2365 | capital=$ 1233.53 | loss=0.00360 | eps=0.337 | elapsed=88s
2026-04-11 16:18:04,573 INFO [IQN s1] step=  10000 | log_ret=2.3686 | capital=$ 1414.03 | loss=0.00393 | eps=0.572 | elapsed=20s
2026-04-11 16:18:08,646 INFO [IQN s0] step=  45000 | log_ret=2.5082 | capital=$ 1347.47 | loss=0.00329 | eps=0.297 | elapsed=99s
2026-04-11 16:18:15,998 INFO [IQN s1] step=  15000 | log_ret=2.7796 | capital=$ 2363.67 | loss=0.00367 | eps=0.437 | elapsed=31s
2026-04-11 16:18:19,913 INFO [IQN s0] step=  50000 | log_ret=2.5843 | capital=$ 1696.58 | loss=0.00327 | eps=0.262 | elapsed=111s
2026-04-11 16:18:27,580 INFO [IQN s1] step=  20000 | log_ret=2.6947 | capital=$ 2299.79 | loss=0.00319 | eps=0.337 | elapsed=43s
2026-04-11 16:18:31,332 INFO [IQN s0] step=  55000 | log_ret=2.5265 | capital=$ 1593.32 | loss=0.00314 | eps=0.233 | elapsed=122s
2026-04-11 16:18:39,544 INFO [IQN s1] step=  25000 | log_ret=2.5273 | capital=$ 2034.19 | loss=0.00345 | eps=0.262 | elapsed=55s
2026-04-11 16:18:43,499 INFO [IQN s0] step=  60000 | log_ret=2.2876 | capital=$ 1174.23 | loss=0.00364 | eps=0.207 | elapsed=134s
2026-04-11 16:18:51,138 INFO [IQN s1] step=  30000 | log_ret=2.6682 | capital=$ 1775.96 | loss=0.00335 | eps=0.207 | elapsed=66s
2026-04-11 16:18:54,851 INFO [IQN s0] step=  65000 | log_ret=2.4348 | capital=$ 1479.93 | loss=0.00339 | eps=0.186 | elapsed=145s
2026-04-11 16:19:02,479 INFO [IQN s1] step=  35000 | log_ret=2.4425 | capital=$ 1317.73 | loss=0.00304 | eps=0.167 | elapsed=78s
2026-04-11 16:19:06,081 INFO [IQN s0] step=  70000 | log_ret=2.4587 | capital=$ 1293.51 | loss=0.00335 | eps=0.167 | elapsed=157s
2026-04-11 16:19:14,016 INFO [IQN s1] step=  40000 | log_ret=2.4700 | capital=$ 1709.11 | loss=0.00306 | eps=0.136 | elapsed=89s
2026-04-11 16:19:17,453 INFO [IQN s0] step=  75000 | log_ret=2.4973 | capital=$ 1406.51 | loss=0.00347 | eps=0.150 | elapsed=168s
2026-04-11 16:19:25,357 INFO [IQN s1] step=  45000 | log_ret=3.1872 | capital=$ 3080.13 | loss=0.00293 | eps=0.114 | elapsed=101s
2026-04-11 16:19:28,700 INFO [IQN s0] step=  80000 | log_ret=2.5600 | capital=$ 1426.93 | loss=0.00328 | eps=0.136 | elapsed=179s
2026-04-11 16:19:36,728 INFO [IQN s1] step=  50000 | log_ret=2.6691 | capital=$ 1862.72 | loss=0.00310 | eps=0.097 | elapsed=112s
2026-04-11 16:19:39,994 INFO [IQN s0] step=  85000 | log_ret=2.6283 | capital=$ 1689.77 | loss=0.00362 | eps=0.124 | elapsed=191s
2026-04-11 16:19:48,228 INFO [IQN s1] step=  55000 | log_ret=2.6244 | capital=$ 1693.53 | loss=0.00331 | eps=0.085 | elapsed=124s
2026-04-11 16:19:51,441 INFO [IQN s0] step=  90000 | log_ret=2.5481 | capital=$ 1696.73 | loss=0.00338 | eps=0.114 | elapsed=202s
2026-04-11 16:19:59,731 INFO [IQN s1] step=  60000 | log_ret=2.5776 | capital=$ 2700.93 | loss=0.00346 | eps=0.076 | elapsed=135s
2026-04-11 16:20:02,710 INFO [IQN s0] step=  95000 | log_ret=2.6007 | capital=$ 2009.38 | loss=0.00340 | eps=0.105 | elapsed=213s
2026-04-11 16:20:11,184 INFO [IQN s1] step=  65000 | log_ret=2.4839 | capital=$ 1429.28 | loss=0.00365 | eps=0.069 | elapsed=146s
2026-04-11 16:20:13,978 INFO [IQN s0] step= 100000 | log_ret=2.5495 | capital=$ 1583.28 | loss=0.00352 | eps=0.097 | elapsed=225s
2026-04-11 16:20:22,568 INFO [IQN s1] step=  70000 | log_ret=2.3234 | capital=$ 1220.28 | loss=0.00374 | eps=0.064 | elapsed=158s
2026-04-11 16:20:25,792 INFO [IQN s0] step= 105000 | log_ret=2.4696 | capital=$ 1393.06 | loss=0.00310 | eps=0.091 | elapsed=236s
2026-04-11 16:20:34,802 INFO [IQN s1] step=  75000 | log_ret=2.3429 | capital=$ 1542.04 | loss=0.00409 | eps=0.061 | elapsed=170s
2026-04-11 16:20:37,341 INFO [IQN s0] step= 110000 | log_ret=2.7315 | capital=$ 2296.80 | loss=0.00347 | eps=0.085 | elapsed=248s
2026-04-11 16:20:46,416 INFO [IQN s1] step=  80000 | log_ret=2.6337 | capital=$ 1654.17 | loss=0.00366 | eps=0.058 | elapsed=182s
2026-04-11 16:20:49,174 INFO [IQN s0] step= 115000 | log_ret=2.6008 | capital=$ 1631.55 | loss=0.00364 | eps=0.080 | elapsed=260s
2026-04-11 16:20:58,625 INFO [IQN s1] step=  85000 | log_ret=2.5986 | capital=$ 2149.19 | loss=0.00383 | eps=0.056 | elapsed=194s
2026-04-11 16:21:01,030 INFO [IQN s0] step= 120000 | log_ret=2.3205 | capital=$ 1188.14 | loss=0.00367 | eps=0.076 | elapsed=272s
2026-04-11 16:21:11,141 INFO [IQN s0] step= 125000 | log_ret=2.5510 | capital=$ 1720.44 | loss=0.00367 | eps=0.072 | elapsed=282s
2026-04-11 16:21:18,150 INFO [IQN s0] step= 130000 | log_ret=2.6702 | capital=$ 1998.66 | loss=0.00339 | eps=0.069 | elapsed=289s
2026-04-11 16:21:22,369 INFO Device: cuda | epsilon_decay=16690 (reaches 0.05 at step ~50,000) | args: {'n_seeds': 2, 'total_steps': 100000, 'n_envs': 16, 'episode_length': 50, 'eval_interval': 5000, 'eval_episodes': 30, 'warmup_steps': 2000, 'lr': 0.0003, 'batch_size': 256, 'gamma': 0.99, 'hidden': 128, 'epsilon_frac': 0.5, 'capital_ylim': 1000.0, 'out_dir': './results'}
2026-04-11 16:21:22,369 INFO Starting IQN seed=0
2026-04-11 16:21:26,292 INFO [IQN s0] step= 135000 | log_ret=2.5425 | capital=$ 1741.36 | loss=0.00353 | eps=0.067 | elapsed=297s
2026-04-11 16:21:28,995 INFO [IQN s0] step=   5008 | log_ret=2.6337 | capital=$ 1666.71 | loss=0.00364 | eps=0.754 | elapsed=5s
2026-04-11 16:21:36,047 INFO [IQN s0] step=  10000 | log_ret=2.3965 | capital=$ 1186.25 | loss=0.00276 | eps=0.572 | elapsed=12s
2026-04-11 16:21:36,846 INFO [IQN s0] step= 140000 | log_ret=2.4137 | capital=$ 1148.89 | loss=0.00338 | eps=0.064 | elapsed=307s
2026-04-11 16:21:43,297 INFO [IQN s0] step=  15008 | log_ret=2.6589 | capital=$ 2025.52 | loss=0.00326 | eps=0.437 | elapsed=19s
2026-04-11 16:21:48,176 INFO [IQN s0] step= 145000 | log_ret=2.4900 | capital=$ 1358.79 | loss=0.00355 | eps=0.062 | elapsed=319s
2026-04-11 16:21:50,178 INFO [IQN s0] step=  20000 | log_ret=2.5487 | capital=$ 1663.56 | loss=0.00349 | eps=0.337 | elapsed=26s
2026-04-11 16:21:58,296 INFO [IQN s0] step= 150000 | log_ret=2.5889 | capital=$ 1964.62 | loss=0.00342 | eps=0.061 | elapsed=329s
2026-04-11 16:22:04,193 INFO Device: cuda | epsilon_decay=33380 (reaches 0.05 at step ~100,000) | args: {'n_seeds': 2, 'total_steps': 200000, 'n_envs': 16, 'episode_length': 50, 'eval_interval': 5000, 'eval_episodes': 30, 'warmup_steps': 2000, 'lr': 0.0003, 'batch_size': 256, 'gamma': 0.99, 'hidden': 128, 'epsilon_frac': 0.5, 'capital_ylim': 1000.0, 'out_dir': './results'}
2026-04-11 16:22:04,194 INFO Starting IQN seed=0
2026-04-11 16:22:05,878 INFO [IQN s0] step= 155000 | log_ret=2.6682 | capital=$ 1812.09 | loss=0.00353 | eps=0.059 | elapsed=337s
2026-04-11 16:22:11,403 INFO [IQN s0] step=   5008 | log_ret=2.3519 | capital=$ 1109.69 | loss=0.00372 | eps=0.868 | elapsed=5s
2026-04-11 16:22:16,450 INFO [IQN s0] step= 160000 | log_ret=2.5843 | capital=$ 1524.14 | loss=0.00329 | eps=0.058 | elapsed=347s
2026-04-11 16:22:18,320 INFO [IQN s0] step=  10000 | log_ret=2.4934 | capital=$ 1287.70 | loss=0.00291 | eps=0.754 | elapsed=12s
2026-04-11 16:22:25,704 INFO [IQN s0] step=  15008 | log_ret=2.4644 | capital=$ 1311.71 | loss=0.00351 | eps=0.656 | elapsed=20s
2026-04-11 16:22:27,600 INFO [IQN s0] step= 165000 | log_ret=2.4992 | capital=$ 1815.67 | loss=0.00367 | eps=0.057 | elapsed=358s
2026-04-11 16:22:32,789 INFO [IQN s0] step=  20000 | log_ret=2.6850 | capital=$ 1852.54 | loss=0.00398 | eps=0.572 | elapsed=27s
2026-04-11 16:22:38,741 INFO [IQN s0] step= 170000 | log_ret=2.2643 | capital=$ 1794.06 | loss=0.00365 | eps=0.056 | elapsed=369s
2026-04-11 16:22:39,869 INFO [IQN s0] step=  25008 | log_ret=2.4207 | capital=$ 1129.69 | loss=0.00363 | eps=0.499 | elapsed=34s
2026-04-11 16:22:47,794 INFO [IQN s0] step=  30000 | log_ret=3.0309 | capital=$ 3042.90 | loss=0.00355 | eps=0.437 | elapsed=42s
2026-04-11 16:22:50,741 INFO [IQN s0] step= 175000 | log_ret=2.3816 | capital=$ 1167.45 | loss=0.00402 | eps=0.055 | elapsed=381s
2026-04-11 16:22:55,363 INFO [IQN s0] step=  35008 | log_ret=2.3847 | capital=$ 1104.24 | loss=0.00339 | eps=0.383 | elapsed=49s
2026-04-11 16:22:59,783 INFO [IQN s0] step= 180000 | log_ret=2.5326 | capital=$ 1684.05 | loss=0.00348 | eps=0.054 | elapsed=390s
2026-04-11 16:23:03,584 INFO Device: cuda | epsilon_decay=26704 (reaches 0.05 at step ~80,000) | args: {'n_seeds': 2, 'total_steps': 200000, 'n_envs': 16, 'episode_length': 50, 'eval_interval': 5000, 'eval_episodes': 30, 'warmup_steps': 2000, 'lr': 0.0003, 'batch_size': 256, 'gamma': 0.99, 'hidden': 128, 'epsilon_frac': 0.4, 'capital_ylim': 1000.0, 'out_dir': './results'}
2026-04-11 16:23:03,585 INFO Starting IQN seed=0
2026-04-11 16:23:08,069 INFO [IQN s0] step= 185000 | log_ret=2.7339 | capital=$ 1897.17 | loss=0.00356 | eps=0.054 | elapsed=399s
2026-04-11 16:23:10,084 INFO [IQN s0] step=   5008 | log_ret=2.8391 | capital=$ 2493.00 | loss=0.00386 | eps=0.838 | elapsed=5s
2026-04-11 16:23:17,360 INFO [IQN s0] step=  10000 | log_ret=2.3940 | capital=$ 1734.97 | loss=0.00302 | eps=0.703 | elapsed=12s
2026-04-11 16:23:18,906 INFO [IQN s0] step= 190000 | log_ret=2.4490 | capital=$ 1182.07 | loss=0.00339 | eps=0.053 | elapsed=410s
2026-04-11 16:23:24,525 INFO [IQN s0] step=  15008 | log_ret=2.6191 | capital=$ 1520.36 | loss=0.00391 | eps=0.592 | elapsed=19s
2026-04-11 16:23:30,061 INFO [IQN s0] step= 195000 | log_ret=2.4369 | capital=$ 1208.83 | loss=0.00371 | eps=0.053 | elapsed=421s
2026-04-11 16:23:31,532 INFO [IQN s0] step=  20000 | log_ret=2.8249 | capital=$ 2671.48 | loss=0.00407 | eps=0.499 | elapsed=26s
2026-04-11 16:23:38,894 INFO [IQN s0] step=  25008 | log_ret=2.6142 | capital=$ 2022.82 | loss=0.00379 | eps=0.422 | elapsed=34s
2026-04-11 16:23:40,959 INFO [IQN s0] step= 200000 | log_ret=2.7251 | capital=$ 1848.54 | loss=0.00322 | eps=0.052 | elapsed=432s
2026-04-11 16:23:40,960 INFO Starting IQN seed=1
2026-04-11 16:23:45,668 INFO [IQN s0] step=  30000 | log_ret=2.5515 | capital=$ 1610.86 | loss=0.00379 | eps=0.359 | elapsed=40s
2026-04-11 16:23:48,764 INFO [IQN s1] step=   5000 | log_ret=2.4160 | capital=$ 1176.54 | loss=0.00279 | eps=0.868 | elapsed=8s
2026-04-11 16:23:52,674 INFO [IQN s0] step=  35008 | log_ret=2.5621 | capital=$ 2186.96 | loss=0.00361 | eps=0.306 | elapsed=47s
2026-04-11 16:23:59,844 INFO [IQN s1] step=  10000 | log_ret=2.4480 | capital=$ 1387.91 | loss=0.00379 | eps=0.754 | elapsed=19s
2026-04-11 16:23:59,921 INFO [IQN s0] step=  40000 | log_ret=2.5454 | capital=$ 1393.48 | loss=0.00374 | eps=0.262 | elapsed=55s
2026-04-11 16:24:07,502 INFO [IQN s0] step=  45008 | log_ret=2.6330 | capital=$ 1639.74 | loss=0.00362 | eps=0.226 | elapsed=62s
2026-04-11 16:24:11,227 INFO [IQN s1] step=  15000 | log_ret=2.3841 | capital=$ 1219.82 | loss=0.00354 | eps=0.656 | elapsed=30s
2026-04-11 16:24:14,163 INFO [IQN s0] step=  50000 | log_ret=2.4538 | capital=$ 1172.69 | loss=0.00415 | eps=0.196 | elapsed=69s
2026-04-11 16:24:21,453 INFO [IQN s0] step=  55008 | log_ret=2.4876 | capital=$ 1550.97 | loss=0.00367 | eps=0.171 | elapsed=76s
2026-04-11 16:24:22,093 INFO [IQN s1] step=  20000 | log_ret=2.4126 | capital=$ 1179.19 | loss=0.00354 | eps=0.572 | elapsed=41s
2026-04-11 16:24:28,858 INFO [IQN s0] step=  60000 | log_ret=2.7589 | capital=$ 2247.52 | loss=0.00359 | eps=0.150 | elapsed=84s
2026-04-11 16:24:33,332 INFO [IQN s1] step=  25000 | log_ret=2.4247 | capital=$ 1236.04 | loss=0.00346 | eps=0.499 | elapsed=52s
2026-04-11 16:24:35,751 INFO [IQN s0] step=  65008 | log_ret=2.6239 | capital=$ 1973.73 | loss=0.00368 | eps=0.133 | elapsed=90s
2026-04-11 16:24:42,956 INFO [IQN s0] step=  70000 | log_ret=2.6634 | capital=$ 1835.34 | loss=0.00399 | eps=0.119 | elapsed=98s
2026-04-11 16:24:44,275 INFO [IQN s1] step=  30000 | log_ret=2.6174 | capital=$ 1770.40 | loss=0.00364 | eps=0.437 | elapsed=63s
2026-04-11 16:24:50,179 INFO [IQN s0] step=  75008 | log_ret=2.7250 | capital=$ 1898.65 | loss=0.00377 | eps=0.107 | elapsed=105s
2026-04-11 16:24:55,461 INFO [IQN s1] step=  35000 | log_ret=2.7910 | capital=$ 1845.13 | loss=0.00349 | eps=0.383 | elapsed=74s
2026-04-11 16:24:57,004 INFO [IQN s0] step=  80000 | log_ret=2.4615 | capital=$ 1308.72 | loss=0.00363 | eps=0.097 | elapsed=112s
2026-04-11 16:25:04,447 INFO [IQN s0] step=  85008 | log_ret=2.7025 | capital=$ 1761.15 | loss=0.00359 | eps=0.089 | elapsed=119s
2026-04-11 16:25:06,526 INFO [IQN s1] step=  40000 | log_ret=2.5906 | capital=$ 2100.19 | loss=0.00356 | eps=0.337 | elapsed=86s
2026-04-11 16:25:11,369 INFO [IQN s0] step=  90000 | log_ret=2.5160 | capital=$ 1284.61 | loss=0.00401 | eps=0.083 | elapsed=126s
2026-04-11 16:25:17,631 INFO [IQN s1] step=  45000 | log_ret=2.4533 | capital=$ 1287.79 | loss=0.00348 | eps=0.297 | elapsed=97s
2026-04-11 16:25:18,394 INFO [IQN s0] step=  95008 | log_ret=2.4108 | capital=$ 1302.31 | loss=0.00384 | eps=0.077 | elapsed=133s
2026-04-11 16:25:25,940 INFO [IQN s0] step= 100000 | log_ret=2.5524 | capital=$ 1779.64 | loss=0.00364 | eps=0.072 | elapsed=141s
2026-04-11 16:25:28,819 INFO [IQN s1] step=  50000 | log_ret=2.3221 | capital=$ 1276.63 | loss=0.00351 | eps=0.262 | elapsed=108s
2026-04-11 16:25:32,951 INFO [IQN s0] step= 105008 | log_ret=2.7411 | capital=$ 1917.09 | loss=0.00384 | eps=0.069 | elapsed=148s
2026-04-11 16:25:39,831 INFO [IQN s1] step=  55000 | log_ret=2.5886 | capital=$ 1589.58 | loss=0.00316 | eps=0.233 | elapsed=119s
2026-04-11 16:25:39,978 INFO [IQN s0] step= 110000 | log_ret=2.6193 | capital=$ 1643.95 | loss=0.00390 | eps=0.065 | elapsed=155s
2026-04-11 16:25:47,555 INFO [IQN s0] step= 115008 | log_ret=2.4646 | capital=$ 1384.61 | loss=0.00400 | eps=0.063 | elapsed=162s
2026-04-11 16:25:51,174 INFO [IQN s1] step=  60000 | log_ret=2.5090 | capital=$ 1569.39 | loss=0.00346 | eps=0.207 | elapsed=130s
2026-04-11 16:25:54,250 INFO [IQN s0] step= 120000 | log_ret=2.4548 | capital=$ 1192.65 | loss=0.00401 | eps=0.061 | elapsed=169s
2026-04-11 16:26:01,448 INFO [IQN s0] step= 125008 | log_ret=2.4489 | capital=$ 1604.82 | loss=0.00389 | eps=0.059 | elapsed=176s
2026-04-11 16:26:02,060 INFO [IQN s1] step=  65000 | log_ret=2.4528 | capital=$ 1459.19 | loss=0.00355 | eps=0.186 | elapsed=141s
2026-04-11 16:26:08,752 INFO [IQN s0] step= 130000 | log_ret=2.2562 | capital=$ 1457.26 | loss=0.00394 | eps=0.057 | elapsed=183s
2026-04-11 16:26:13,384 INFO [IQN s1] step=  70000 | log_ret=2.5677 | capital=$ 2029.65 | loss=0.00363 | eps=0.167 | elapsed=152s
2026-04-11 16:26:15,604 INFO [IQN s0] step= 135008 | log_ret=2.4804 | capital=$ 1282.98 | loss=0.00367 | eps=0.056 | elapsed=190s
2026-04-11 16:26:22,837 INFO [IQN s0] step= 140000 | log_ret=2.5176 | capital=$ 2192.50 | loss=0.00378 | eps=0.055 | elapsed=198s
2026-04-11 16:26:24,204 INFO [IQN s1] step=  75000 | log_ret=2.5707 | capital=$ 1639.11 | loss=0.00381 | eps=0.150 | elapsed=163s
2026-04-11 16:26:29,880 INFO [IQN s0] step= 145008 | log_ret=2.6010 | capital=$ 1896.12 | loss=0.00361 | eps=0.054 | elapsed=205s
2026-04-11 16:26:35,483 INFO [IQN s1] step=  80000 | log_ret=2.6893 | capital=$ 2293.72 | loss=0.00358 | eps=0.136 | elapsed=175s
2026-04-11 16:26:36,946 INFO [IQN s0] step= 150000 | log_ret=2.4113 | capital=$ 1292.43 | loss=0.00355 | eps=0.053 | elapsed=212s
2026-04-11 16:26:44,421 INFO [IQN s0] step= 155008 | log_ret=2.5070 | capital=$ 1510.17 | loss=0.00345 | eps=0.053 | elapsed=219s
2026-04-11 16:26:46,581 INFO [IQN s1] step=  85000 | log_ret=2.3914 | capital=$ 1747.76 | loss=0.00388 | eps=0.124 | elapsed=186s
2026-04-11 16:26:51,285 INFO [IQN s0] step= 160000 | log_ret=2.5564 | capital=$ 2006.83 | loss=0.00366 | eps=0.052 | elapsed=226s
2026-04-11 16:26:57,553 INFO [IQN s1] step=  90000 | log_ret=2.4313 | capital=$ 1320.85 | loss=0.00363 | eps=0.114 | elapsed=197s
2026-04-11 16:26:58,286 INFO [IQN s0] step= 165008 | log_ret=2.7406 | capital=$ 2107.25 | loss=0.00352 | eps=0.052 | elapsed=233s
2026-04-11 16:27:05,622 INFO [IQN s0] step= 170000 | log_ret=2.5053 | capital=$ 1296.37 | loss=0.00364 | eps=0.052 | elapsed=240s
2026-04-11 16:27:08,743 INFO [IQN s1] step=  95000 | log_ret=2.5079 | capital=$ 2244.09 | loss=0.00367 | eps=0.105 | elapsed=208s
2026-04-11 16:27:12,419 INFO [IQN s0] step= 175008 | log_ret=2.7413 | capital=$ 2487.03 | loss=0.00362 | eps=0.051 | elapsed=247s
2026-04-11 16:27:19,498 INFO [IQN s0] step= 180000 | log_ret=2.8398 | capital=$ 2339.32 | loss=0.00373 | eps=0.051 | elapsed=254s
2026-04-11 16:27:19,712 INFO [IQN s1] step= 100000 | log_ret=2.3904 | capital=$ 1204.02 | loss=0.00387 | eps=0.097 | elapsed=219s
2026-04-11 16:27:26,875 INFO [IQN s0] step= 185008 | log_ret=2.6477 | capital=$ 2089.01 | loss=0.00358 | eps=0.051 | elapsed=262s
2026-04-11 16:27:31,025 INFO [IQN s1] step= 105000 | log_ret=2.4501 | capital=$ 1891.54 | loss=0.00380 | eps=0.091 | elapsed=230s
2026-04-11 16:27:33,572 INFO [IQN s0] step= 190000 | log_ret=2.7444 | capital=$ 2387.94 | loss=0.00352 | eps=0.051 | elapsed=268s
2026-04-11 16:27:40,916 INFO [IQN s0] step= 195008 | log_ret=2.4712 | capital=$ 1730.03 | loss=0.00342 | eps=0.051 | elapsed=276s
2026-04-11 16:27:42,064 INFO [IQN s1] step= 110000 | log_ret=3.0101 | capital=$ 2747.49 | loss=0.00409 | eps=0.085 | elapsed=241s
2026-04-11 16:27:48,243 INFO [IQN s0] step= 200000 | log_ret=2.5831 | capital=$ 2725.04 | loss=0.00358 | eps=0.051 | elapsed=283s
2026-04-11 16:27:48,245 INFO Starting IQN seed=1
2026-04-11 16:27:53,150 INFO [IQN s1] step= 115000 | log_ret=2.7439 | capital=$ 1849.98 | loss=0.00382 | eps=0.080 | elapsed=252s
2026-04-11 16:27:53,671 INFO [IQN s1] step=   5008 | log_ret=2.6890 | capital=$ 2572.16 | loss=0.00228 | eps=0.838 | elapsed=5s
2026-04-11 16:28:01,151 INFO [IQN s1] step=  10000 | log_ret=2.4916 | capital=$ 1557.68 | loss=0.00348 | eps=0.703 | elapsed=13s
2026-04-11 16:28:04,344 INFO [IQN s1] step= 120000 | log_ret=2.3668 | capital=$ 1186.59 | loss=0.00391 | eps=0.076 | elapsed=263s
2026-04-11 16:28:07,846 INFO [IQN s1] step=  15008 | log_ret=2.4637 | capital=$ 1449.70 | loss=0.00428 | eps=0.592 | elapsed=20s
2026-04-11 16:28:14,995 INFO [IQN s1] step=  20000 | log_ret=2.4223 | capital=$ 1598.46 | loss=0.00411 | eps=0.499 | elapsed=27s
2026-04-11 16:28:15,247 INFO [IQN s1] step= 125000 | log_ret=2.4789 | capital=$ 1465.21 | loss=0.00369 | eps=0.072 | elapsed=274s
2026-04-11 16:28:22,755 INFO [IQN s1] step=  25008 | log_ret=2.5344 | capital=$ 1473.82 | loss=0.00352 | eps=0.422 | elapsed=34s
2026-04-11 16:28:27,184 INFO [IQN s1] step= 130000 | log_ret=2.7485 | capital=$ 2493.19 | loss=0.00388 | eps=0.069 | elapsed=286s
2026-04-11 16:28:29,931 INFO [IQN s1] step=  30000 | log_ret=2.7062 | capital=$ 1861.56 | loss=0.00332 | eps=0.359 | elapsed=42s
2026-04-11 16:28:37,531 INFO [IQN s1] step=  35008 | log_ret=2.5352 | capital=$ 1332.49 | loss=0.00356 | eps=0.306 | elapsed=49s
2026-04-11 16:28:38,451 INFO [IQN s1] step= 135000 | log_ret=2.4940 | capital=$ 1516.03 | loss=0.00384 | eps=0.067 | elapsed=297s
2026-04-11 16:28:43,505 INFO [IQN s1] step=  40000 | log_ret=2.4448 | capital=$ 1215.26 | loss=0.00342 | eps=0.262 | elapsed=55s
2026-04-11 16:28:47,999 INFO [IQN s1] step=  45008 | log_ret=2.5919 | capital=$ 2102.04 | loss=0.00337 | eps=0.226 | elapsed=60s
2026-04-11 16:28:53,308 INFO [IQN s1] step=  50000 | log_ret=2.4098 | capital=$ 1520.13 | loss=0.00340 | eps=0.196 | elapsed=65s
2026-04-11 16:28:58,520 INFO [IQN s1] step=  55008 | log_ret=2.8354 | capital=$ 2713.63 | loss=0.00341 | eps=0.171 | elapsed=70s
2026-04-11 16:29:03,353 INFO [IQN s1] step=  60000 | log_ret=2.6389 | capital=$ 1707.10 | loss=0.00359 | eps=0.150 | elapsed=75s
2026-04-11 16:29:07,136 INFO Device: cuda | epsilon_decay=33380 (reaches 0.05 at step ~100,000) | args: {'n_seeds': 2, 'total_steps': 200000, 'n_envs': 8, 'episode_length': 50, 'eval_interval': 5000, 'eval_episodes': 30, 'warmup_steps': 2000, 'lr': 0.0003, 'batch_size': 256, 'gamma': 0.99, 'hidden': 128, 'epsilon_frac': 0.5, 'capital_ylim': 1000.0, 'out_dir': './results'}
2026-04-11 16:29:07,136 INFO Starting DQN seed=0
2026-04-11 16:29:08,277 INFO [IQN s1] step=  65008 | log_ret=2.4920 | capital=$ 1830.09 | loss=0.00351 | eps=0.133 | elapsed=80s
2026-04-11 16:29:12,706 INFO [IQN s1] step=  70000 | log_ret=2.6462 | capital=$ 1493.54 | loss=0.00357 | eps=0.119 | elapsed=84s
2026-04-11 16:29:17,233 INFO [IQN s1] step=  75008 | log_ret=2.6767 | capital=$ 2274.60 | loss=0.00318 | eps=0.107 | elapsed=89s
2026-04-11 16:29:21,548 INFO [IQN s1] step=  80000 | log_ret=2.4161 | capital=$ 1174.17 | loss=0.00337 | eps=0.097 | elapsed=93s
2026-04-11 16:29:26,602 INFO [IQN s1] step=  85008 | log_ret=2.4233 | capital=$ 1250.65 | loss=0.00374 | eps=0.089 | elapsed=98s
2026-04-11 16:29:30,993 INFO [IQN s1] step=  90000 | log_ret=2.3833 | capital=$ 1508.46 | loss=0.00367 | eps=0.083 | elapsed=103s
2026-04-11 16:29:31,837 INFO Device: cuda | epsilon_decay=26704 (reaches 0.05 at step ~80,000) | args: {'n_seeds': 2, 'total_steps': 200000, 'n_envs': 8, 'episode_length': 50, 'eval_interval': 5000, 'eval_episodes': 30, 'warmup_steps': 2000, 'lr': 0.0003, 'batch_size': 256, 'gamma': 0.99, 'hidden': 128, 'epsilon_frac': 0.4, 'capital_ylim': 1000.0, 'out_dir': './results'}
2026-04-11 16:29:31,838 INFO Starting DQN seed=0
2026-04-11 16:29:36,100 INFO [IQN s1] step=  95008 | log_ret=2.4875 | capital=$ 1777.06 | loss=0.00399 | eps=0.077 | elapsed=108s
2026-04-11 16:29:38,088 INFO [DQN s0] step=   5000 | log_ret=2.5163 | capital=$ 1437.27 | loss=0.00579 | eps=0.838 | elapsed=5s
2026-04-11 16:29:42,323 INFO [IQN s1] step= 100000 | log_ret=2.4382 | capital=$ 1240.07 | loss=0.00390 | eps=0.072 | elapsed=114s
2026-04-11 16:29:45,069 INFO [DQN s0] step=  10000 | log_ret=2.4395 | capital=$ 1146.74 | loss=0.00465 | eps=0.703 | elapsed=12s
2026-04-11 16:29:48,752 INFO [IQN s1] step= 105008 | log_ret=2.4527 | capital=$ 1182.89 | loss=0.00424 | eps=0.069 | elapsed=120s
2026-04-11 16:29:52,305 INFO [DQN s0] step=  15000 | log_ret=2.7174 | capital=$ 2197.48 | loss=0.00505 | eps=0.592 | elapsed=19s
2026-04-11 16:29:55,179 INFO [IQN s1] step= 110000 | log_ret=2.7666 | capital=$ 1980.18 | loss=0.00379 | eps=0.065 | elapsed=127s
2026-04-11 16:29:59,626 INFO [DQN s0] step=  20000 | log_ret=2.6519 | capital=$ 1914.73 | loss=0.00514 | eps=0.499 | elapsed=26s
2026-04-11 16:30:01,826 INFO [IQN s1] step= 115008 | log_ret=2.5294 | capital=$ 1492.71 | loss=0.00376 | eps=0.063 | elapsed=134s
2026-04-11 16:30:06,910 INFO [DQN s0] step=  25000 | log_ret=2.8689 | capital=$ 2328.65 | loss=0.00555 | eps=0.423 | elapsed=33s
2026-04-11 16:30:08,337 INFO [IQN s1] step= 120000 | log_ret=2.3159 | capital=$ 1162.63 | loss=0.00396 | eps=0.061 | elapsed=140s
2026-04-11 16:30:14,021 INFO [DQN s0] step=  30000 | log_ret=2.8072 | capital=$ 2064.38 | loss=0.00547 | eps=0.359 | elapsed=41s
2026-04-11 16:30:14,702 INFO [IQN s1] step= 125008 | log_ret=2.6757 | capital=$ 2378.47 | loss=0.00414 | eps=0.059 | elapsed=146s
2026-04-11 16:30:21,094 INFO [IQN s1] step= 130000 | log_ret=2.4376 | capital=$ 1441.04 | loss=0.00402 | eps=0.057 | elapsed=153s
2026-04-11 16:30:21,137 INFO [DQN s0] step=  35000 | log_ret=2.6010 | capital=$ 1598.27 | loss=0.00569 | eps=0.306 | elapsed=48s
2026-04-11 16:30:27,512 INFO [IQN s1] step= 135008 | log_ret=2.7149 | capital=$ 2138.01 | loss=0.00422 | eps=0.056 | elapsed=159s
2026-04-11 16:30:28,482 INFO [DQN s0] step=  40000 | log_ret=2.3327 | capital=$ 1540.01 | loss=0.00560 | eps=0.262 | elapsed=55s
2026-04-11 16:30:33,850 INFO [IQN s1] step= 140000 | log_ret=2.6592 | capital=$ 1729.93 | loss=0.00432 | eps=0.055 | elapsed=166s
2026-04-11 16:30:35,836 INFO [DQN s0] step=  45000 | log_ret=2.4395 | capital=$ 1146.74 | loss=0.00572 | eps=0.226 | elapsed=62s
2026-04-11 16:30:40,256 INFO [IQN s1] step= 145008 | log_ret=2.3706 | capital=$ 1226.19 | loss=0.00417 | eps=0.054 | elapsed=172s
2026-04-11 16:30:43,117 INFO [DQN s0] step=  50000 | log_ret=2.8783 | capital=$ 2298.21 | loss=0.00594 | eps=0.196 | elapsed=70s
2026-04-11 16:30:46,656 INFO [IQN s1] step= 150000 | log_ret=2.3573 | capital=$ 1355.89 | loss=0.00403 | eps=0.053 | elapsed=178s
2026-04-11 16:30:50,430 INFO [DQN s0] step=  55000 | log_ret=2.4226 | capital=$ 1313.24 | loss=0.00607 | eps=0.171 | elapsed=77s
2026-04-11 16:30:53,161 INFO [IQN s1] step= 155008 | log_ret=2.5834 | capital=$ 1424.63 | loss=0.00392 | eps=0.053 | elapsed=185s
2026-04-11 16:30:57,607 INFO [DQN s0] step=  60000 | log_ret=2.3127 | capital=$ 1840.20 | loss=0.00625 | eps=0.150 | elapsed=84s
2026-04-11 16:30:59,586 INFO [IQN s1] step= 160000 | log_ret=2.5549 | capital=$ 1501.80 | loss=0.00335 | eps=0.052 | elapsed=191s
2026-04-11 16:31:04,756 INFO [DQN s0] step=  65000 | log_ret=2.4395 | capital=$ 1146.74 | loss=0.00626 | eps=0.133 | elapsed=91s
2026-04-11 16:31:06,176 INFO [IQN s1] step= 165008 | log_ret=2.4712 | capital=$ 1467.44 | loss=0.00373 | eps=0.052 | elapsed=198s
2026-04-11 16:31:11,956 INFO [DQN s0] step=  70000 | log_ret=2.4465 | capital=$ 1194.34 | loss=0.00648 | eps=0.119 | elapsed=98s
2026-04-11 16:31:12,773 INFO [IQN s1] step= 170000 | log_ret=2.2821 | capital=$ 1199.80 | loss=0.00369 | eps=0.052 | elapsed=205s
2026-04-11 16:31:19,094 INFO [DQN s0] step=  75000 | log_ret=2.7867 | capital=$ 2611.15 | loss=0.00631 | eps=0.107 | elapsed=106s
2026-04-11 16:31:19,222 INFO [IQN s1] step= 175008 | log_ret=2.5049 | capital=$ 2064.04 | loss=0.00346 | eps=0.051 | elapsed=211s
2026-04-11 16:31:25,739 INFO [IQN s1] step= 180000 | log_ret=2.4693 | capital=$ 1361.62 | loss=0.00367 | eps=0.051 | elapsed=217s
2026-04-11 16:31:26,371 INFO [DQN s0] step=  80000 | log_ret=2.4707 | capital=$ 1280.34 | loss=0.00642 | eps=0.097 | elapsed=113s
2026-04-11 16:31:32,142 INFO [IQN s1] step= 185008 | log_ret=2.6997 | capital=$ 2039.96 | loss=0.00373 | eps=0.051 | elapsed=224s
2026-04-11 16:31:33,642 INFO [DQN s0] step=  85000 | log_ret=2.6238 | capital=$ 2344.65 | loss=0.00628 | eps=0.089 | elapsed=120s
2026-04-11 16:31:38,584 INFO [IQN s1] step= 190000 | log_ret=2.6705 | capital=$ 1808.42 | loss=0.00330 | eps=0.051 | elapsed=230s
2026-04-11 16:31:40,872 INFO [DQN s0] step=  90000 | log_ret=2.4879 | capital=$ 1244.23 | loss=0.00615 | eps=0.083 | elapsed=127s
2026-04-11 16:31:45,005 INFO [IQN s1] step= 195008 | log_ret=2.5684 | capital=$ 1439.58 | loss=0.00372 | eps=0.051 | elapsed=237s
2026-04-11 16:31:48,155 INFO [DQN s0] step=  95000 | log_ret=2.3223 | capital=$ 1700.43 | loss=0.00642 | eps=0.077 | elapsed=135s
2026-04-11 16:31:51,451 INFO [IQN s1] step= 200000 | log_ret=2.3871 | capital=$ 1385.67 | loss=0.00344 | eps=0.051 | elapsed=243s
2026-04-11 16:31:51,452 INFO Starting DQN seed=0
2026-04-11 16:31:54,776 INFO [DQN s0] step=   5008 | log_ret=2.4395 | capital=$ 1146.74 | loss=0.02618 | eps=0.838 | elapsed=3s
2026-04-11 16:31:54,804 INFO [DQN s0] step= 100000 | log_ret=2.4920 | capital=$ 1841.39 | loss=0.00683 | eps=0.072 | elapsed=141s
2026-04-11 16:31:59,009 INFO [DQN s0] step=  10000 | log_ret=2.5730 | capital=$ 1654.61 | loss=0.00511 | eps=0.703 | elapsed=8s
2026-04-11 16:32:01,719 INFO [DQN s0] step= 105000 | log_ret=2.5016 | capital=$ 1396.19 | loss=0.00691 | eps=0.069 | elapsed=148s
2026-04-11 16:32:03,158 INFO [DQN s0] step=  15008 | log_ret=2.6224 | capital=$ 1890.69 | loss=0.00552 | eps=0.592 | elapsed=12s
2026-04-11 16:32:07,314 INFO [DQN s0] step=  20000 | log_ret=2.6448 | capital=$ 1570.92 | loss=0.00564 | eps=0.499 | elapsed=16s
2026-04-11 16:32:08,531 INFO [DQN s0] step= 110000 | log_ret=2.6109 | capital=$ 1904.54 | loss=0.00698 | eps=0.065 | elapsed=155s
2026-04-11 16:32:11,551 INFO [DQN s0] step=  25008 | log_ret=2.5553 | capital=$ 1449.54 | loss=0.00616 | eps=0.422 | elapsed=20s
2026-04-11 16:32:15,528 INFO [DQN s0] step= 115000 | log_ret=2.6008 | capital=$ 1735.51 | loss=0.00686 | eps=0.063 | elapsed=162s
2026-04-11 16:32:15,803 INFO [DQN s0] step=  30000 | log_ret=2.4395 | capital=$ 1146.74 | loss=0.00614 | eps=0.359 | elapsed=24s
2026-04-11 16:32:20,043 INFO [DQN s0] step=  35008 | log_ret=2.5735 | capital=$ 1566.93 | loss=0.00598 | eps=0.306 | elapsed=29s
2026-04-11 16:32:22,410 INFO [DQN s0] step= 120000 | log_ret=2.4579 | capital=$ 1193.34 | loss=0.00700 | eps=0.061 | elapsed=169s
2026-04-11 16:32:24,263 INFO [DQN s0] step=  40000 | log_ret=2.7471 | capital=$ 2377.70 | loss=0.00583 | eps=0.262 | elapsed=33s
2026-04-11 16:32:28,517 INFO [DQN s0] step=  45008 | log_ret=2.8782 | capital=$ 2203.47 | loss=0.00591 | eps=0.226 | elapsed=37s
2026-04-11 16:32:29,360 INFO [DQN s0] step= 125000 | log_ret=2.8619 | capital=$ 2548.92 | loss=0.00687 | eps=0.059 | elapsed=176s
2026-04-11 16:32:32,747 INFO [DQN s0] step=  50000 | log_ret=2.6936 | capital=$ 1881.48 | loss=0.00576 | eps=0.196 | elapsed=41s
2026-04-11 16:32:36,217 INFO [DQN s0] step= 130000 | log_ret=2.6919 | capital=$ 2233.46 | loss=0.00667 | eps=0.057 | elapsed=183s
2026-04-11 16:32:36,910 INFO [DQN s0] step=  55008 | log_ret=2.3259 | capital=$ 1749.56 | loss=0.00568 | eps=0.171 | elapsed=45s
2026-04-11 16:32:41,129 INFO [DQN s0] step=  60000 | log_ret=2.6937 | capital=$ 2309.77 | loss=0.00548 | eps=0.150 | elapsed=50s
2026-04-11 16:32:43,052 INFO [DQN s0] step= 135000 | log_ret=2.4395 | capital=$ 1146.74 | loss=0.00668 | eps=0.056 | elapsed=190s
2026-04-11 16:32:45,293 INFO [DQN s0] step=  65008 | log_ret=2.5313 | capital=$ 1810.67 | loss=0.00563 | eps=0.133 | elapsed=54s
2026-04-11 16:32:49,431 INFO [DQN s0] step=  70000 | log_ret=2.4111 | capital=$ 1757.52 | loss=0.00551 | eps=0.119 | elapsed=58s
2026-04-11 16:32:49,865 INFO [DQN s0] step= 140000 | log_ret=2.6442 | capital=$ 1940.51 | loss=0.00670 | eps=0.055 | elapsed=196s
2026-04-11 16:32:53,732 INFO [DQN s0] step=  75008 | log_ret=2.7165 | capital=$ 2066.53 | loss=0.00557 | eps=0.107 | elapsed=62s
2026-04-11 16:32:56,807 INFO [DQN s0] step= 145000 | log_ret=2.3146 | capital=$ 1882.58 | loss=0.00692 | eps=0.054 | elapsed=203s
2026-04-11 16:32:57,328 INFO [DQN s0] step=  80000 | log_ret=2.2810 | capital=$ 1236.93 | loss=0.00561 | eps=0.097 | elapsed=66s
2026-04-11 16:32:59,901 INFO [DQN s0] step=  85008 | log_ret=2.4819 | capital=$ 1394.94 | loss=0.00595 | eps=0.089 | elapsed=68s
2026-04-11 16:33:04,077 INFO [DQN s0] step=  90000 | log_ret=2.4189 | capital=$ 1145.18 | loss=0.00580 | eps=0.083 | elapsed=73s
2026-04-11 16:33:06,720 INFO [DQN s0] step= 150000 | log_ret=2.6109 | capital=$ 2587.73 | loss=0.00685 | eps=0.053 | elapsed=213s
2026-04-11 16:33:08,374 INFO [DQN s0] step=  95008 | log_ret=2.5726 | capital=$ 1377.30 | loss=0.00577 | eps=0.077 | elapsed=77s
2026-04-11 16:33:12,541 INFO [DQN s0] step= 100000 | log_ret=2.9064 | capital=$ 2474.32 | loss=0.00576 | eps=0.072 | elapsed=81s
2026-04-11 16:33:13,590 INFO [DQN s0] step= 155000 | log_ret=2.4395 | capital=$ 1146.74 | loss=0.00702 | eps=0.053 | elapsed=220s
2026-04-11 16:33:16,741 INFO [DQN s0] step= 105008 | log_ret=2.4535 | capital=$ 1791.66 | loss=0.00568 | eps=0.069 | elapsed=85s
2026-04-11 16:33:20,504 INFO [DQN s0] step= 160000 | log_ret=2.6030 | capital=$ 1838.91 | loss=0.00695 | eps=0.052 | elapsed=227s
2026-04-11 16:33:20,978 INFO [DQN s0] step= 110000 | log_ret=2.4055 | capital=$ 1657.52 | loss=0.00572 | eps=0.065 | elapsed=90s
2026-04-11 16:33:25,270 INFO [DQN s0] step= 115008 | log_ret=2.5473 | capital=$ 2336.37 | loss=0.00586 | eps=0.063 | elapsed=94s
2026-04-11 16:33:27,432 INFO [DQN s0] step= 165000 | log_ret=2.6594 | capital=$ 1993.99 | loss=0.00706 | eps=0.052 | elapsed=234s
2026-04-11 16:33:29,438 INFO [DQN s0] step= 120000 | log_ret=2.5237 | capital=$ 1772.28 | loss=0.00578 | eps=0.061 | elapsed=98s
2026-04-11 16:33:33,758 INFO [DQN s0] step= 125008 | log_ret=2.9145 | capital=$ 2901.22 | loss=0.00602 | eps=0.059 | elapsed=102s
2026-04-11 16:33:34,324 INFO [DQN s0] step= 170000 | log_ret=2.4323 | capital=$ 1564.30 | loss=0.00733 | eps=0.052 | elapsed=241s
2026-04-11 16:33:37,892 INFO [DQN s0] step= 130000 | log_ret=2.3648 | capital=$ 1205.01 | loss=0.00600 | eps=0.057 | elapsed=106s
2026-04-11 16:33:41,108 INFO [DQN s0] step= 175000 | log_ret=2.8602 | capital=$ 2383.21 | loss=0.00739 | eps=0.051 | elapsed=248s
2026-04-11 16:33:42,056 INFO [DQN s0] step= 135008 | log_ret=2.4395 | capital=$ 1146.74 | loss=0.00595 | eps=0.056 | elapsed=111s
2026-04-11 16:33:46,302 INFO [DQN s0] step= 140000 | log_ret=2.3364 | capital=$ 1828.15 | loss=0.00595 | eps=0.055 | elapsed=115s
2026-04-11 16:33:47,994 INFO [DQN s0] step= 180000 | log_ret=2.5582 | capital=$ 2492.48 | loss=0.00701 | eps=0.051 | elapsed=255s
2026-04-11 16:33:50,522 INFO [DQN s0] step= 145008 | log_ret=2.5544 | capital=$ 2064.28 | loss=0.00602 | eps=0.054 | elapsed=119s
2026-04-11 16:33:54,726 INFO [DQN s0] step= 150000 | log_ret=2.7974 | capital=$ 2089.42 | loss=0.00608 | eps=0.053 | elapsed=123s
2026-04-11 16:33:54,882 INFO [DQN s0] step= 185000 | log_ret=2.4769 | capital=$ 1926.00 | loss=0.00685 | eps=0.051 | elapsed=261s
2026-04-11 16:33:58,833 INFO [DQN s0] step= 155008 | log_ret=2.7378 | capital=$ 1947.74 | loss=0.00607 | eps=0.053 | elapsed=127s
2026-04-11 16:34:01,639 INFO [DQN s0] step= 190000 | log_ret=2.6167 | capital=$ 1498.16 | loss=0.00667 | eps=0.051 | elapsed=268s
2026-04-11 16:34:03,055 INFO [DQN s0] step= 160000 | log_ret=2.9185 | capital=$ 2540.54 | loss=0.00627 | eps=0.052 | elapsed=132s
2026-04-11 16:34:07,261 INFO [DQN s0] step= 165008 | log_ret=2.8357 | capital=$ 2689.42 | loss=0.00617 | eps=0.052 | elapsed=136s
2026-04-11 16:34:08,528 INFO [DQN s0] step= 195000 | log_ret=2.5966 | capital=$ 1464.20 | loss=0.00649 | eps=0.051 | elapsed=275s
2026-04-11 16:34:11,436 INFO [DQN s0] step= 170000 | log_ret=2.5589 | capital=$ 1850.26 | loss=0.00624 | eps=0.052 | elapsed=140s
2026-04-11 16:34:15,330 INFO [DQN s0] step= 200000 | log_ret=2.4211 | capital=$ 1339.11 | loss=0.00650 | eps=0.051 | elapsed=282s
2026-04-11 16:34:15,331 INFO Starting DQN seed=1
2026-04-11 16:34:15,593 INFO [DQN s0] step= 175008 | log_ret=2.7023 | capital=$ 2065.84 | loss=0.00614 | eps=0.051 | elapsed=144s
2026-04-11 16:34:19,758 INFO [DQN s0] step= 180000 | log_ret=2.6948 | capital=$ 1843.97 | loss=0.00625 | eps=0.051 | elapsed=148s
2026-04-11 16:34:20,278 INFO [DQN s1] step=   5000 | log_ret=2.5992 | capital=$ 1638.23 | loss=0.00581 | eps=0.838 | elapsed=5s
2026-04-11 16:34:24,065 INFO [DQN s0] step= 185008 | log_ret=2.3767 | capital=$ 1115.21 | loss=0.00615 | eps=0.051 | elapsed=153s
2026-04-11 16:34:27,129 INFO [DQN s1] step=  10000 | log_ret=2.5127 | capital=$ 1247.30 | loss=0.00551 | eps=0.703 | elapsed=12s
2026-04-11 16:34:28,369 INFO [DQN s0] step= 190000 | log_ret=2.5165 | capital=$ 2286.07 | loss=0.00620 | eps=0.051 | elapsed=157s
2026-04-11 16:34:32,719 INFO [DQN s0] step= 195008 | log_ret=2.4395 | capital=$ 1146.74 | loss=0.00624 | eps=0.051 | elapsed=161s
2026-04-11 16:34:34,058 INFO [DQN s1] step=  15000 | log_ret=2.7188 | capital=$ 1975.18 | loss=0.00539 | eps=0.592 | elapsed=19s
2026-04-11 16:34:36,857 INFO [DQN s0] step= 200000 | log_ret=2.4395 | capital=$ 1146.74 | loss=0.00631 | eps=0.051 | elapsed=165s
2026-04-11 16:34:36,859 INFO Starting DQN seed=1
2026-04-11 16:34:40,280 INFO [DQN s1] step=   5008 | log_ret=2.6748 | capital=$ 3153.39 | loss=0.00803 | eps=0.838 | elapsed=3s
2026-04-11 16:34:40,982 INFO [DQN s1] step=  20000 | log_ret=2.4068 | capital=$ 1437.59 | loss=0.00477 | eps=0.499 | elapsed=26s
2026-04-11 16:34:44,485 INFO [DQN s1] step=  10000 | log_ret=2.6816 | capital=$ 1799.84 | loss=0.00750 | eps=0.703 | elapsed=8s
2026-04-11 16:34:47,755 INFO [DQN s1] step=  25000 | log_ret=2.6857 | capital=$ 2331.82 | loss=0.00487 | eps=0.423 | elapsed=32s
2026-04-11 16:34:48,625 INFO [DQN s1] step=  15008 | log_ret=2.4873 | capital=$ 1236.57 | loss=0.00791 | eps=0.592 | elapsed=12s
2026-04-11 16:34:52,791 INFO [DQN s1] step=  20000 | log_ret=2.2766 | capital=$ 1187.30 | loss=0.00778 | eps=0.499 | elapsed=16s
2026-04-11 16:34:54,556 INFO [DQN s1] step=  30000 | log_ret=2.4395 | capital=$ 1146.74 | loss=0.00460 | eps=0.359 | elapsed=39s
2026-04-11 16:34:56,983 INFO [DQN s1] step=  25008 | log_ret=2.5471 | capital=$ 1350.70 | loss=0.00709 | eps=0.422 | elapsed=20s
2026-04-11 16:35:01,154 INFO [DQN s1] step=  30000 | log_ret=2.7186 | capital=$ 2101.76 | loss=0.00664 | eps=0.359 | elapsed=24s
2026-04-11 16:35:01,325 INFO [DQN s1] step=  35000 | log_ret=2.6370 | capital=$ 1949.85 | loss=0.00467 | eps=0.306 | elapsed=46s
2026-04-11 16:35:05,356 INFO [DQN s1] step=  35008 | log_ret=2.3361 | capital=$ 1356.85 | loss=0.00645 | eps=0.306 | elapsed=28s
2026-04-11 16:35:08,171 INFO [DQN s1] step=  40000 | log_ret=2.9736 | capital=$ 3081.96 | loss=0.00467 | eps=0.262 | elapsed=53s
2026-04-11 16:35:09,582 INFO [DQN s1] step=  40000 | log_ret=2.5344 | capital=$ 1633.45 | loss=0.00612 | eps=0.262 | elapsed=33s
2026-04-11 16:35:13,835 INFO [DQN s1] step=  45008 | log_ret=2.3258 | capital=$ 1699.65 | loss=0.00598 | eps=0.226 | elapsed=37s
2026-04-11 16:35:14,961 INFO [DQN s1] step=  45000 | log_ret=2.6191 | capital=$ 1579.38 | loss=0.00479 | eps=0.226 | elapsed=60s
2026-04-11 16:35:18,063 INFO [DQN s1] step=  50000 | log_ret=2.5564 | capital=$ 1556.67 | loss=0.00565 | eps=0.196 | elapsed=41s
2026-04-11 16:35:21,957 INFO [DQN s1] step=  50000 | log_ret=2.4710 | capital=$ 1299.97 | loss=0.00500 | eps=0.196 | elapsed=67s
2026-04-11 16:35:22,421 INFO [DQN s1] step=  55008 | log_ret=2.5903 | capital=$ 1585.91 | loss=0.00556 | eps=0.171 | elapsed=46s
2026-04-11 16:35:26,640 INFO [DQN s1] step=  60000 | log_ret=2.7616 | capital=$ 2107.84 | loss=0.00545 | eps=0.150 | elapsed=50s
2026-04-11 16:35:28,789 INFO [DQN s1] step=  55000 | log_ret=2.7259 | capital=$ 2224.45 | loss=0.00491 | eps=0.171 | elapsed=73s
2026-04-11 16:35:31,284 INFO [DQN s1] step=  65008 | log_ret=2.6179 | capital=$ 1709.74 | loss=0.00544 | eps=0.133 | elapsed=54s
2026-04-11 16:35:34,953 INFO [DQN s1] step=  60000 | log_ret=2.8490 | capital=$ 2473.61 | loss=0.00501 | eps=0.150 | elapsed=80s
2026-04-11 16:35:41,311 INFO [DQN s1] step=  65000 | log_ret=2.5293 | capital=$ 1459.80 | loss=0.00510 | eps=0.133 | elapsed=86s
2026-04-11 16:35:41,952 INFO [DQN s1] step=  70000 | log_ret=2.4888 | capital=$ 1469.79 | loss=0.00554 | eps=0.119 | elapsed=65s
2026-04-11 16:35:46,268 INFO [DQN s1] step=  75008 | log_ret=2.5319 | capital=$ 1642.11 | loss=0.00535 | eps=0.107 | elapsed=69s
2026-04-11 16:35:48,307 INFO [DQN s1] step=  70000 | log_ret=2.4395 | capital=$ 1146.74 | loss=0.00515 | eps=0.119 | elapsed=93s
2026-04-11 16:35:50,609 INFO [DQN s1] step=  80000 | log_ret=2.3610 | capital=$ 1264.49 | loss=0.00513 | eps=0.097 | elapsed=74s
2026-04-11 16:35:54,801 INFO [DQN s1] step=  85008 | log_ret=2.4334 | capital=$ 1669.14 | loss=0.00526 | eps=0.089 | elapsed=78s
2026-04-11 16:35:55,210 INFO [DQN s1] step=  75000 | log_ret=2.7391 | capital=$ 2501.40 | loss=0.00532 | eps=0.107 | elapsed=100s
2026-04-11 16:35:59,033 INFO [DQN s1] step=  90000 | log_ret=2.5016 | capital=$ 1528.93 | loss=0.00515 | eps=0.083 | elapsed=82s
2026-04-11 16:36:00,873 INFO [DQN s1] step=  80000 | log_ret=2.4178 | capital=$ 1431.43 | loss=0.00511 | eps=0.097 | elapsed=106s
2026-04-11 16:36:06,040 INFO [DQN s1] step=  85000 | log_ret=2.4395 | capital=$ 1146.74 | loss=0.00558 | eps=0.089 | elapsed=111s
2026-04-11 16:36:10,786 INFO [DQN s1] step=  95008 | log_ret=2.2951 | capital=$ 1236.38 | loss=0.00504 | eps=0.077 | elapsed=94s
2026-04-11 16:36:12,668 INFO [DQN s1] step=  90000 | log_ret=2.5300 | capital=$ 1763.11 | loss=0.00564 | eps=0.083 | elapsed=117s
2026-04-11 16:36:15,078 INFO [DQN s1] step= 100000 | log_ret=2.7525 | capital=$ 1912.91 | loss=0.00515 | eps=0.072 | elapsed=98s
2026-04-11 16:36:19,536 INFO [DQN s1] step= 105008 | log_ret=2.5389 | capital=$ 1331.18 | loss=0.00514 | eps=0.069 | elapsed=103s
2026-04-11 16:36:19,688 INFO [DQN s1] step=  95000 | log_ret=2.5378 | capital=$ 1720.01 | loss=0.00595 | eps=0.077 | elapsed=124s
2026-04-11 16:36:24,216 INFO [DQN s1] step= 100000 | log_ret=2.7274 | capital=$ 2053.95 | loss=0.00602 | eps=0.072 | elapsed=129s
2026-04-11 16:36:29,456 INFO [DQN s1] step= 110000 | log_ret=2.3688 | capital=$ 1109.58 | loss=0.00523 | eps=0.065 | elapsed=113s
2026-04-11 16:36:31,395 INFO [DQN s1] step= 105000 | log_ret=2.3754 | capital=$ 1703.36 | loss=0.00614 | eps=0.069 | elapsed=136s
2026-04-11 16:36:33,788 INFO [DQN s1] step= 115008 | log_ret=2.6414 | capital=$ 1790.31 | loss=0.00536 | eps=0.063 | elapsed=117s
2026-04-11 16:36:38,227 INFO [DQN s1] step= 120000 | log_ret=2.4459 | capital=$ 1701.71 | loss=0.00539 | eps=0.061 | elapsed=121s
2026-04-11 16:36:38,522 INFO [DQN s1] step= 110000 | log_ret=2.6432 | capital=$ 2277.29 | loss=0.00619 | eps=0.065 | elapsed=143s
2026-04-11 16:36:42,703 INFO [DQN s1] step= 125008 | log_ret=2.4247 | capital=$ 1323.10 | loss=0.00552 | eps=0.059 | elapsed=126s
2026-04-11 16:36:45,678 INFO [DQN s1] step= 115000 | log_ret=2.5026 | capital=$ 1337.03 | loss=0.00636 | eps=0.063 | elapsed=150s
2026-04-11 16:36:47,075 INFO [DQN s1] step= 130000 | log_ret=2.4131 | capital=$ 2084.57 | loss=0.00569 | eps=0.057 | elapsed=130s
2026-04-11 16:36:51,417 INFO [DQN s1] step= 135008 | log_ret=3.0477 | capital=$ 3241.38 | loss=0.00563 | eps=0.056 | elapsed=135s
2026-04-11 16:36:52,725 INFO [DQN s1] step= 120000 | log_ret=2.4575 | capital=$ 1213.07 | loss=0.00662 | eps=0.061 | elapsed=157s
2026-04-11 16:36:55,758 INFO [DQN s1] step= 140000 | log_ret=2.8211 | capital=$ 2001.82 | loss=0.00567 | eps=0.055 | elapsed=139s
2026-04-11 16:36:59,718 INFO [DQN s1] step= 125000 | log_ret=2.4603 | capital=$ 1226.83 | loss=0.00647 | eps=0.059 | elapsed=164s
2026-04-11 16:37:00,080 INFO [DQN s1] step= 145008 | log_ret=2.7032 | capital=$ 2367.31 | loss=0.00571 | eps=0.054 | elapsed=143s
2026-04-11 16:37:04,302 INFO [DQN s1] step= 150000 | log_ret=2.6096 | capital=$ 1682.78 | loss=0.00595 | eps=0.053 | elapsed=147s
2026-04-11 16:37:06,692 INFO [DQN s1] step= 130000 | log_ret=2.9310 | capital=$ 2445.97 | loss=0.00659 | eps=0.057 | elapsed=171s
2026-04-11 16:37:08,887 INFO [DQN s1] step= 155008 | log_ret=2.4856 | capital=$ 1317.22 | loss=0.00611 | eps=0.053 | elapsed=152s
2026-04-11 16:37:13,489 INFO [DQN s1] step= 160000 | log_ret=2.4116 | capital=$ 1284.37 | loss=0.00601 | eps=0.052 | elapsed=157s
2026-04-11 16:37:14,257 INFO [DQN s1] step= 135000 | log_ret=2.4044 | capital=$ 2177.48 | loss=0.00661 | eps=0.056 | elapsed=179s
2026-04-11 16:37:18,064 INFO [DQN s1] step= 165008 | log_ret=2.6139 | capital=$ 1807.25 | loss=0.00613 | eps=0.052 | elapsed=161s
2026-04-11 16:37:21,360 INFO [DQN s1] step= 140000 | log_ret=2.5487 | capital=$ 1648.96 | loss=0.00656 | eps=0.055 | elapsed=186s
2026-04-11 16:37:22,320 INFO [DQN s1] step= 170000 | log_ret=2.7139 | capital=$ 1856.58 | loss=0.00629 | eps=0.052 | elapsed=165s
2026-04-11 16:37:26,565 INFO [DQN s1] step= 175008 | log_ret=2.6912 | capital=$ 1699.14 | loss=0.00631 | eps=0.051 | elapsed=170s
2026-04-11 16:37:28,185 INFO [DQN s1] step= 145000 | log_ret=2.8254 | capital=$ 3020.82 | loss=0.00657 | eps=0.054 | elapsed=193s
2026-04-11 16:37:30,843 INFO [DQN s1] step= 180000 | log_ret=2.4225 | capital=$ 1181.20 | loss=0.00642 | eps=0.051 | elapsed=174s
2026-04-11 16:37:35,343 INFO [DQN s1] step= 185008 | log_ret=2.4395 | capital=$ 1146.74 | loss=0.00661 | eps=0.051 | elapsed=178s
2026-04-11 16:37:35,419 INFO [DQN s1] step= 150000 | log_ret=2.5775 | capital=$ 2330.50 | loss=0.00675 | eps=0.053 | elapsed=200s
2026-04-11 16:37:39,696 INFO [DQN s1] step= 190000 | log_ret=2.5095 | capital=$ 1335.05 | loss=0.00673 | eps=0.051 | elapsed=183s
2026-04-11 16:37:42,786 INFO [DQN s1] step= 155000 | log_ret=2.6539 | capital=$ 1902.56 | loss=0.00652 | eps=0.053 | elapsed=207s
2026-04-11 16:37:44,350 INFO [DQN s1] step= 195008 | log_ret=2.3321 | capital=$ 1077.98 | loss=0.00705 | eps=0.051 | elapsed=187s
2026-04-11 16:37:48,980 INFO [DQN s1] step= 200000 | log_ret=2.7365 | capital=$ 2010.76 | loss=0.00703 | eps=0.051 | elapsed=192s
2026-04-11 16:37:49,907 INFO [DQN s1] step= 160000 | log_ret=2.7775 | capital=$ 2462.68 | loss=0.00651 | eps=0.052 | elapsed=215s
2026-04-11 16:37:51,723 INFO All figures saved to ./results
